10.9311 	EXP 	Created window1 = Window(allowGUI=False, allowStencil=False, autoLog=True, bitsMode=UNKNOWN, blendMode='avg', color=array([ 0.,  0.,  0.]), colorSpace='rgb', fullscr=UNKNOWN, gamma=None, lms=UNKNOWN, monitor=<psychopy.monitors.calibTools.Monitor object at 0x112a5dc10>, multiSample=False, name='window1', numSamples=2, pos=[0, 0], screen=0, size=array([1440,  900]), stereo=False, units=u'norm', useFBO=True, useRetina=False, viewOri=0.0, viewPos=None, viewScale=None, waitBlanking=True, winType='pyglet')
10.9312 	EXP 	window1: recordFrameIntervals = False
11.0966 	EXP 	window1: recordFrameIntervals = True
11.2803 	EXP 	window1: recordFrameIntervals = False
11.5400 	EXP 	Created text = TextStim(alignHoriz='center', alignVert='center', antialias=True, autoLog=True, bold=False, color=array([ 1.,  1.,  1.]), colorSpace='rgb', contrast=1.0, depth=0.0, flipHoriz=False, flipVert=False, font='Arial', fontFiles=[], height=0.1, italic=False, name='text', opacity=1.0, ori=0, pos=array([ 0.,  0.]), rgb=array([ 1.,  1.,  1.]), text=u'default text', units=u'norm', win=Window(...), wrapWidth=1)
11.5578 	EXP 	Imported brk_conditions.xlsx as conditions, 29 conditions, 2 params
11.5585 	EXP 	Created sequence: sequential, trialTypes=29, nReps=1, seed=None
11.5589 	EXP 	New trial (rep=0, index=0): {'color': u'green', 'word': u'blue'}
11.5802 	EXP 	text: color = u'green (named)'
11.5802 	EXP 	text: text = u'blue'
12.0669 	EXP 	window1: blendMode = 'avg'
12.0805 	EXP 	text: autoDraw = True
12.0816 	EXP 	window1: blendMode = 'avg'
12.0980 	EXP 	window1: blendMode = 'avg'
12.1146 	EXP 	window1: blendMode = 'avg'
12.1311 	EXP 	window1: blendMode = 'avg'
12.1478 	EXP 	window1: blendMode = 'avg'
12.1644 	EXP 	window1: blendMode = 'avg'
12.1812 	EXP 	window1: blendMode = 'avg'
12.1978 	EXP 	window1: blendMode = 'avg'
12.2146 	EXP 	window1: blendMode = 'avg'
12.2311 	EXP 	window1: blendMode = 'avg'
12.2481 	EXP 	window1: blendMode = 'avg'
12.2644 	EXP 	window1: blendMode = 'avg'
12.2812 	EXP 	window1: blendMode = 'avg'
12.2978 	EXP 	window1: blendMode = 'avg'
12.3146 	EXP 	window1: blendMode = 'avg'
12.3311 	EXP 	window1: blendMode = 'avg'
12.3478 	EXP 	window1: blendMode = 'avg'
12.3643 	EXP 	window1: blendMode = 'avg'
12.3812 	EXP 	window1: blendMode = 'avg'
12.3978 	EXP 	window1: blendMode = 'avg'
12.4146 	EXP 	window1: blendMode = 'avg'
12.4316 	EXP 	window1: blendMode = 'avg'
12.4479 	EXP 	window1: blendMode = 'avg'
12.4646 	EXP 	window1: blendMode = 'avg'
12.4812 	EXP 	window1: blendMode = 'avg'
12.4978 	EXP 	window1: blendMode = 'avg'
12.5146 	EXP 	window1: blendMode = 'avg'
12.5310 	EXP 	window1: blendMode = 'avg'
12.5479 	EXP 	window1: blendMode = 'avg'
12.5644 	EXP 	window1: blendMode = 'avg'
12.5812 	EXP 	window1: blendMode = 'avg'
12.5978 	EXP 	window1: blendMode = 'avg'
12.6146 	EXP 	window1: blendMode = 'avg'
12.6310 	EXP 	window1: blendMode = 'avg'
12.6479 	EXP 	window1: blendMode = 'avg'
12.6645 	EXP 	window1: blendMode = 'avg'
12.6812 	EXP 	window1: blendMode = 'avg'
12.6978 	EXP 	window1: blendMode = 'avg'
12.7147 	EXP 	window1: blendMode = 'avg'
12.7311 	EXP 	window1: blendMode = 'avg'
12.7479 	EXP 	window1: blendMode = 'avg'
12.7645 	EXP 	window1: blendMode = 'avg'
12.7812 	EXP 	window1: blendMode = 'avg'
12.7979 	EXP 	window1: blendMode = 'avg'
12.8146 	EXP 	window1: blendMode = 'avg'
12.8311 	EXP 	window1: blendMode = 'avg'
12.8486 	EXP 	window1: blendMode = 'avg'
12.8645 	EXP 	window1: blendMode = 'avg'
12.8813 	EXP 	window1: blendMode = 'avg'
12.8979 	EXP 	window1: blendMode = 'avg'
12.9146 	EXP 	window1: blendMode = 'avg'
12.9312 	EXP 	window1: blendMode = 'avg'
12.9489 	EXP 	window1: blendMode = 'avg'
12.9650 	EXP 	window1: blendMode = 'avg'
12.9816 	EXP 	window1: blendMode = 'avg'
12.9981 	EXP 	window1: blendMode = 'avg'
13.0146 	EXP 	window1: blendMode = 'avg'
13.0313 	EXP 	window1: blendMode = 'avg'
13.0479 	EXP 	window1: blendMode = 'avg'
13.0646 	EXP 	window1: blendMode = 'avg'
13.0814 	EXP 	window1: blendMode = 'avg'
13.0979 	EXP 	window1: blendMode = 'avg'
13.1145 	EXP 	window1: blendMode = 'avg'
13.1313 	EXP 	window1: blendMode = 'avg'
13.1479 	EXP 	window1: blendMode = 'avg'
13.1647 	EXP 	window1: blendMode = 'avg'
13.1812 	EXP 	window1: blendMode = 'avg'
13.1979 	EXP 	window1: blendMode = 'avg'
13.2147 	EXP 	window1: blendMode = 'avg'
13.2311 	EXP 	window1: blendMode = 'avg'
13.2480 	EXP 	window1: blendMode = 'avg'
13.2650 	EXP 	window1: blendMode = 'avg'
13.2814 	EXP 	window1: blendMode = 'avg'
13.2979 	EXP 	window1: blendMode = 'avg'
13.3147 	EXP 	window1: blendMode = 'avg'
13.3311 	EXP 	window1: blendMode = 'avg'
13.3479 	EXP 	window1: blendMode = 'avg'
13.3645 	EXP 	window1: blendMode = 'avg'
13.3817 	EXP 	window1: blendMode = 'avg'
13.3979 	EXP 	window1: blendMode = 'avg'
13.4147 	EXP 	window1: blendMode = 'avg'
13.4311 	EXP 	window1: blendMode = 'avg'
13.4480 	EXP 	window1: blendMode = 'avg'
13.4648 	EXP 	window1: blendMode = 'avg'
13.4814 	EXP 	window1: blendMode = 'avg'
13.4979 	EXP 	window1: blendMode = 'avg'
13.5148 	EXP 	window1: blendMode = 'avg'
13.5311 	EXP 	window1: blendMode = 'avg'
13.5482 	EXP 	window1: blendMode = 'avg'
13.5646 	EXP 	window1: blendMode = 'avg'
13.5816 	EXP 	window1: blendMode = 'avg'
13.5984 	EXP 	window1: blendMode = 'avg'
13.6150 	EXP 	window1: blendMode = 'avg'
13.6317 	EXP 	window1: blendMode = 'avg'
13.6484 	EXP 	window1: blendMode = 'avg'
13.6649 	EXP 	window1: blendMode = 'avg'
13.6815 	EXP 	window1: blendMode = 'avg'
13.6980 	EXP 	window1: blendMode = 'avg'
13.7148 	EXP 	window1: blendMode = 'avg'
13.7314 	EXP 	window1: blendMode = 'avg'
13.7481 	EXP 	window1: blendMode = 'avg'
13.7652 	EXP 	window1: blendMode = 'avg'
13.7816 	EXP 	window1: blendMode = 'avg'
13.8003 	DATA 	Keypress: left
13.8021 	EXP 	New trial (rep=0, index=1): {'color': u'green', 'word': u'red'}
13.8301 	EXP 	text: autoDraw = False
13.8301 	EXP 	text: color = u'green (named)'
13.8301 	EXP 	text: text = u'red'
14.3155 	EXP 	window1: blendMode = 'avg'
14.3301 	EXP 	text: autoDraw = True
14.3315 	EXP 	window1: blendMode = 'avg'
14.3480 	EXP 	window1: blendMode = 'avg'
14.3648 	EXP 	window1: blendMode = 'avg'
14.3813 	EXP 	window1: blendMode = 'avg'
14.3980 	EXP 	window1: blendMode = 'avg'
14.4149 	EXP 	window1: blendMode = 'avg'
14.4315 	EXP 	window1: blendMode = 'avg'
14.4479 	EXP 	window1: blendMode = 'avg'
14.4649 	EXP 	window1: blendMode = 'avg'
14.4813 	EXP 	window1: blendMode = 'avg'
14.4981 	EXP 	window1: blendMode = 'avg'
14.5147 	EXP 	window1: blendMode = 'avg'
14.5315 	EXP 	window1: blendMode = 'avg'
14.5479 	EXP 	window1: blendMode = 'avg'
14.5648 	EXP 	window1: blendMode = 'avg'
14.5815 	EXP 	window1: blendMode = 'avg'
14.5981 	EXP 	window1: blendMode = 'avg'
14.6147 	EXP 	window1: blendMode = 'avg'
14.6315 	EXP 	window1: blendMode = 'avg'
14.6479 	EXP 	window1: blendMode = 'avg'
14.6648 	EXP 	window1: blendMode = 'avg'
14.6813 	EXP 	window1: blendMode = 'avg'
14.6980 	EXP 	window1: blendMode = 'avg'
14.7147 	EXP 	window1: blendMode = 'avg'
14.7316 	EXP 	window1: blendMode = 'avg'
14.7480 	EXP 	window1: blendMode = 'avg'
14.7651 	DATA 	Keypress: left
14.7664 	EXP 	New trial (rep=0, index=2): {'color': u'blue', 'word': u'blue '}
14.7800 	EXP 	text: autoDraw = False
14.7800 	EXP 	text: color = u'blue (named)'
14.7800 	EXP 	text: text = u'blue '
15.2820 	EXP 	window1: blendMode = 'avg'
15.2969 	EXP 	text: autoDraw = True
15.2983 	EXP 	window1: blendMode = 'avg'
15.3147 	EXP 	window1: blendMode = 'avg'
15.3315 	EXP 	window1: blendMode = 'avg'
15.3480 	EXP 	window1: blendMode = 'avg'
15.3651 	EXP 	window1: blendMode = 'avg'
15.3813 	EXP 	window1: blendMode = 'avg'
15.3983 	EXP 	window1: blendMode = 'avg'
15.4148 	EXP 	window1: blendMode = 'avg'
15.4315 	EXP 	window1: blendMode = 'avg'
15.4480 	EXP 	window1: blendMode = 'avg'
15.4649 	EXP 	window1: blendMode = 'avg'
15.4815 	EXP 	window1: blendMode = 'avg'
15.4982 	EXP 	window1: blendMode = 'avg'
15.5147 	EXP 	window1: blendMode = 'avg'
15.5315 	EXP 	window1: blendMode = 'avg'
15.5480 	EXP 	window1: blendMode = 'avg'
15.5652 	EXP 	window1: blendMode = 'avg'
15.5813 	EXP 	window1: blendMode = 'avg'
15.5981 	EXP 	window1: blendMode = 'avg'
15.6147 	EXP 	window1: blendMode = 'avg'
15.6316 	EXP 	window1: blendMode = 'avg'
15.6480 	EXP 	window1: blendMode = 'avg'
15.6649 	EXP 	window1: blendMode = 'avg'
15.6818 	DATA 	Keypress: left
15.6831 	EXP 	New trial (rep=0, index=3): {'color': u'red', 'word': u'green'}
15.6969 	EXP 	text: autoDraw = False
15.6969 	EXP 	text: color = u'red (named)'
15.6969 	EXP 	text: text = u'green'
16.1991 	EXP 	window1: blendMode = 'avg'
16.2135 	EXP 	text: autoDraw = True
16.2149 	EXP 	window1: blendMode = 'avg'
16.2316 	EXP 	window1: blendMode = 'avg'
16.2481 	EXP 	window1: blendMode = 'avg'
16.2649 	EXP 	window1: blendMode = 'avg'
16.2814 	EXP 	window1: blendMode = 'avg'
16.2983 	EXP 	window1: blendMode = 'avg'
16.3148 	EXP 	window1: blendMode = 'avg'
16.3316 	EXP 	window1: blendMode = 'avg'
16.3481 	EXP 	window1: blendMode = 'avg'
16.3650 	EXP 	window1: blendMode = 'avg'
16.3815 	EXP 	window1: blendMode = 'avg'
16.3984 	EXP 	window1: blendMode = 'avg'
16.4149 	EXP 	window1: blendMode = 'avg'
16.4316 	EXP 	window1: blendMode = 'avg'
16.4482 	EXP 	window1: blendMode = 'avg'
16.4649 	EXP 	window1: blendMode = 'avg'
16.4815 	EXP 	window1: blendMode = 'avg'
16.4986 	EXP 	window1: blendMode = 'avg'
16.5149 	EXP 	window1: blendMode = 'avg'
16.5320 	DATA 	Keypress: left
16.5334 	EXP 	New trial (rep=0, index=4): {'color': u'blue', 'word': u'green '}
16.5468 	EXP 	text: autoDraw = False
16.5468 	EXP 	text: color = u'blue (named)'
16.5468 	EXP 	text: text = u'green '
17.0489 	EXP 	window1: blendMode = 'avg'
17.0637 	EXP 	text: autoDraw = True
17.0650 	EXP 	window1: blendMode = 'avg'
17.0815 	EXP 	window1: blendMode = 'avg'
17.0983 	EXP 	window1: blendMode = 'avg'
17.1150 	EXP 	window1: blendMode = 'avg'
17.1320 	EXP 	window1: blendMode = 'avg'
17.1481 	EXP 	window1: blendMode = 'avg'
17.1650 	EXP 	window1: blendMode = 'avg'
17.1816 	EXP 	window1: blendMode = 'avg'
17.1983 	EXP 	window1: blendMode = 'avg'
17.2149 	EXP 	window1: blendMode = 'avg'
17.2317 	EXP 	window1: blendMode = 'avg'
17.2482 	EXP 	window1: blendMode = 'avg'
17.2650 	EXP 	window1: blendMode = 'avg'
17.2816 	EXP 	window1: blendMode = 'avg'
17.2984 	EXP 	window1: blendMode = 'avg'
17.3149 	EXP 	window1: blendMode = 'avg'
17.3317 	EXP 	window1: blendMode = 'avg'
17.3482 	EXP 	window1: blendMode = 'avg'
17.3650 	EXP 	window1: blendMode = 'avg'
17.3816 	EXP 	window1: blendMode = 'avg'
17.3983 	EXP 	window1: blendMode = 'avg'
17.4152 	DATA 	Keypress: left
17.4165 	EXP 	New trial (rep=0, index=5): {'color': u'green', 'word': u'green'}
17.4304 	EXP 	text: autoDraw = False
17.4304 	EXP 	text: color = u'green (named)'
17.4304 	EXP 	text: text = u'green'
17.9326 	EXP 	window1: blendMode = 'avg'
17.9472 	EXP 	text: autoDraw = True
17.9487 	EXP 	window1: blendMode = 'avg'
17.9652 	EXP 	window1: blendMode = 'avg'
17.9817 	EXP 	window1: blendMode = 'avg'
17.9986 	EXP 	window1: blendMode = 'avg'
18.0150 	EXP 	window1: blendMode = 'avg'
18.0319 	EXP 	window1: blendMode = 'avg'
18.0484 	EXP 	window1: blendMode = 'avg'
18.0654 	EXP 	window1: blendMode = 'avg'
18.0820 	EXP 	window1: blendMode = 'avg'
18.0987 	EXP 	window1: blendMode = 'avg'
18.1151 	EXP 	window1: blendMode = 'avg'
18.1319 	EXP 	window1: blendMode = 'avg'
18.1484 	EXP 	window1: blendMode = 'avg'
18.1652 	EXP 	window1: blendMode = 'avg'
18.1817 	EXP 	window1: blendMode = 'avg'
18.1986 	EXP 	window1: blendMode = 'avg'
18.2152 	EXP 	window1: blendMode = 'avg'
18.2325 	DATA 	Keypress: left
18.2345 	EXP 	New trial (rep=0, index=6): {'color': u'red', 'word': u'red'}
18.2470 	EXP 	text: autoDraw = False
18.2470 	EXP 	text: color = u'red (named)'
18.2470 	EXP 	text: text = u'red'
18.7493 	EXP 	window1: blendMode = 'avg'
18.7639 	EXP 	text: autoDraw = True
18.7652 	EXP 	window1: blendMode = 'avg'
18.7826 	EXP 	window1: blendMode = 'avg'
18.7988 	EXP 	window1: blendMode = 'avg'
18.8151 	EXP 	window1: blendMode = 'avg'
18.8321 	EXP 	window1: blendMode = 'avg'
18.8489 	EXP 	window1: blendMode = 'avg'
18.8654 	EXP 	window1: blendMode = 'avg'
18.8819 	EXP 	window1: blendMode = 'avg'
18.8986 	EXP 	window1: blendMode = 'avg'
18.9155 	EXP 	window1: blendMode = 'avg'
18.9322 	EXP 	window1: blendMode = 'avg'
18.9484 	EXP 	window1: blendMode = 'avg'
18.9654 	EXP 	window1: blendMode = 'avg'
18.9819 	EXP 	window1: blendMode = 'avg'
18.9986 	EXP 	window1: blendMode = 'avg'
19.0155 	DATA 	Keypress: left
19.0169 	EXP 	New trial (rep=0, index=7): {'color': u'red', 'word': u'blue'}
19.0306 	EXP 	text: autoDraw = False
19.0306 	EXP 	text: color = u'red (named)'
19.0306 	EXP 	text: text = u'blue'
19.5334 	EXP 	window1: blendMode = 'avg'
19.5474 	EXP 	text: autoDraw = True
19.5488 	EXP 	window1: blendMode = 'avg'
19.5653 	EXP 	window1: blendMode = 'avg'
19.5819 	EXP 	window1: blendMode = 'avg'
19.5986 	EXP 	window1: blendMode = 'avg'
19.6151 	EXP 	window1: blendMode = 'avg'
19.6320 	EXP 	window1: blendMode = 'avg'
19.6485 	EXP 	window1: blendMode = 'avg'
19.6652 	EXP 	window1: blendMode = 'avg'
19.6818 	EXP 	window1: blendMode = 'avg'
19.6987 	EXP 	window1: blendMode = 'avg'
19.7151 	EXP 	window1: blendMode = 'avg'
19.7325 	EXP 	window1: blendMode = 'avg'
19.7485 	EXP 	window1: blendMode = 'avg'
19.7652 	EXP 	window1: blendMode = 'avg'
19.7819 	EXP 	window1: blendMode = 'avg'
19.7986 	EXP 	window1: blendMode = 'avg'
19.8152 	EXP 	window1: blendMode = 'avg'
19.8319 	EXP 	window1: blendMode = 'avg'
19.8486 	EXP 	window1: blendMode = 'avg'
19.8654 	EXP 	window1: blendMode = 'avg'
19.8821 	DATA 	Keypress: left
19.8834 	EXP 	New trial (rep=0, index=8): {'color': u'blue', 'word': u'red'}
19.8973 	EXP 	text: autoDraw = False
19.8973 	EXP 	text: color = u'blue (named)'
19.8973 	EXP 	text: text = u'red'
20.3995 	EXP 	window1: blendMode = 'avg'
20.4139 	EXP 	text: autoDraw = True
20.4152 	EXP 	window1: blendMode = 'avg'
20.4320 	EXP 	window1: blendMode = 'avg'
20.4485 	EXP 	window1: blendMode = 'avg'
20.4655 	EXP 	window1: blendMode = 'avg'
20.4819 	EXP 	window1: blendMode = 'avg'
20.4987 	EXP 	window1: blendMode = 'avg'
20.5151 	EXP 	window1: blendMode = 'avg'
20.5320 	EXP 	window1: blendMode = 'avg'
20.5485 	EXP 	window1: blendMode = 'avg'
20.5658 	EXP 	window1: blendMode = 'avg'
20.5820 	EXP 	window1: blendMode = 'avg'
20.5987 	EXP 	window1: blendMode = 'avg'
20.6152 	EXP 	window1: blendMode = 'avg'
20.6322 	EXP 	window1: blendMode = 'avg'
20.6485 	EXP 	window1: blendMode = 'avg'
20.6653 	EXP 	window1: blendMode = 'avg'
20.6827 	DATA 	Keypress: left
20.6841 	EXP 	New trial (rep=0, index=9): {'color': u'white', 'word': u'Take a break. Press Space to continue'}
20.7141 	EXP 	text: autoDraw = False
20.7141 	EXP 	text: color = u'white (named)'
20.7141 	EXP 	text: text = u'Take a break. Press Space to continue'
21.1994 	EXP 	window1: blendMode = 'avg'
21.2141 	EXP 	text: autoDraw = True
21.2155 	EXP 	window1: blendMode = 'avg'
21.2320 	EXP 	window1: blendMode = 'avg'
21.2489 	EXP 	window1: blendMode = 'avg'
21.2654 	EXP 	window1: blendMode = 'avg'
21.2821 	EXP 	window1: blendMode = 'avg'
21.2987 	EXP 	window1: blendMode = 'avg'
21.3154 	EXP 	window1: blendMode = 'avg'
21.3320 	EXP 	window1: blendMode = 'avg'
21.3487 	EXP 	window1: blendMode = 'avg'
21.3652 	EXP 	window1: blendMode = 'avg'
21.3821 	EXP 	window1: blendMode = 'avg'
21.3987 	EXP 	window1: blendMode = 'avg'
21.4154 	EXP 	window1: blendMode = 'avg'
21.4320 	EXP 	window1: blendMode = 'avg'
21.4488 	EXP 	window1: blendMode = 'avg'
21.4655 	EXP 	window1: blendMode = 'avg'
21.4822 	EXP 	window1: blendMode = 'avg'
21.4988 	EXP 	window1: blendMode = 'avg'
21.5154 	EXP 	window1: blendMode = 'avg'
21.5321 	EXP 	window1: blendMode = 'avg'
21.5488 	EXP 	window1: blendMode = 'avg'
21.5653 	EXP 	window1: blendMode = 'avg'
21.5829 	EXP 	window1: blendMode = 'avg'
21.5988 	EXP 	window1: blendMode = 'avg'
21.6154 	EXP 	window1: blendMode = 'avg'
21.6321 	EXP 	window1: blendMode = 'avg'
21.6488 	EXP 	window1: blendMode = 'avg'
21.6653 	EXP 	window1: blendMode = 'avg'
21.6822 	EXP 	window1: blendMode = 'avg'
21.6987 	EXP 	window1: blendMode = 'avg'
21.7157 	EXP 	window1: blendMode = 'avg'
21.7321 	EXP 	window1: blendMode = 'avg'
21.7489 	EXP 	window1: blendMode = 'avg'
21.7653 	EXP 	window1: blendMode = 'avg'
21.7821 	EXP 	window1: blendMode = 'avg'
21.7987 	EXP 	window1: blendMode = 'avg'
21.8154 	EXP 	window1: blendMode = 'avg'
21.8321 	EXP 	window1: blendMode = 'avg'
21.8491 	EXP 	window1: blendMode = 'avg'
21.8657 	EXP 	window1: blendMode = 'avg'
21.8822 	EXP 	window1: blendMode = 'avg'
21.8991 	EXP 	window1: blendMode = 'avg'
21.9160 	EXP 	window1: blendMode = 'avg'
21.9321 	EXP 	window1: blendMode = 'avg'
21.9489 	EXP 	window1: blendMode = 'avg'
21.9653 	EXP 	window1: blendMode = 'avg'
21.9821 	EXP 	window1: blendMode = 'avg'
21.9987 	EXP 	window1: blendMode = 'avg'
22.0155 	EXP 	window1: blendMode = 'avg'
22.0320 	EXP 	window1: blendMode = 'avg'
22.0489 	EXP 	window1: blendMode = 'avg'
22.0653 	EXP 	window1: blendMode = 'avg'
22.0822 	EXP 	window1: blendMode = 'avg'
22.0990 	EXP 	window1: blendMode = 'avg'
22.1156 	EXP 	window1: blendMode = 'avg'
22.1321 	EXP 	window1: blendMode = 'avg'
22.1490 	EXP 	window1: blendMode = 'avg'
22.1658 	EXP 	window1: blendMode = 'avg'
22.1826 	EXP 	window1: blendMode = 'avg'
22.1989 	EXP 	window1: blendMode = 'avg'
22.2158 	EXP 	window1: blendMode = 'avg'
22.2323 	EXP 	window1: blendMode = 'avg'
22.2496 	EXP 	window1: blendMode = 'avg'
22.2654 	EXP 	window1: blendMode = 'avg'
22.2821 	EXP 	window1: blendMode = 'avg'
22.2988 	EXP 	window1: blendMode = 'avg'
22.3155 	EXP 	window1: blendMode = 'avg'
22.3321 	EXP 	window1: blendMode = 'avg'
22.3488 	EXP 	window1: blendMode = 'avg'
22.3654 	EXP 	window1: blendMode = 'avg'
22.3821 	EXP 	window1: blendMode = 'avg'
22.3988 	EXP 	window1: blendMode = 'avg'
22.4155 	EXP 	window1: blendMode = 'avg'
22.4321 	EXP 	window1: blendMode = 'avg'
22.4489 	EXP 	window1: blendMode = 'avg'
22.4654 	EXP 	window1: blendMode = 'avg'
22.4821 	EXP 	window1: blendMode = 'avg'
22.4987 	EXP 	window1: blendMode = 'avg'
22.5155 	EXP 	window1: blendMode = 'avg'
22.5321 	EXP 	window1: blendMode = 'avg'
22.5489 	EXP 	window1: blendMode = 'avg'
22.5654 	EXP 	window1: blendMode = 'avg'
22.5822 	EXP 	window1: blendMode = 'avg'
22.5987 	EXP 	window1: blendMode = 'avg'
22.6160 	EXP 	window1: blendMode = 'avg'
22.6321 	EXP 	window1: blendMode = 'avg'
22.6489 	EXP 	window1: blendMode = 'avg'
22.6654 	EXP 	window1: blendMode = 'avg'
22.6822 	EXP 	window1: blendMode = 'avg'
22.6988 	EXP 	window1: blendMode = 'avg'
22.7155 	EXP 	window1: blendMode = 'avg'
22.7321 	EXP 	window1: blendMode = 'avg'
22.7490 	EXP 	window1: blendMode = 'avg'
22.7709 	DATA 	Keypress: space
22.7729 	EXP 	New trial (rep=0, index=10): {'color': u'green', 'word': u'blue'}
22.7978 	EXP 	text: autoDraw = False
22.7978 	EXP 	text: color = u'green (named)'
22.7978 	EXP 	text: text = u'blue'
23.2830 	EXP 	window1: blendMode = 'avg'
23.2978 	EXP 	text: autoDraw = True
23.2992 	EXP 	window1: blendMode = 'avg'
23.3154 	EXP 	window1: blendMode = 'avg'
23.3322 	EXP 	window1: blendMode = 'avg'
23.3489 	EXP 	window1: blendMode = 'avg'
23.3655 	EXP 	window1: blendMode = 'avg'
23.3821 	EXP 	window1: blendMode = 'avg'
23.3996 	EXP 	window1: blendMode = 'avg'
23.4155 	EXP 	window1: blendMode = 'avg'
23.4322 	EXP 	window1: blendMode = 'avg'
23.4488 	EXP 	window1: blendMode = 'avg'
23.4656 	EXP 	window1: blendMode = 'avg'
23.4821 	EXP 	window1: blendMode = 'avg'
23.4991 	EXP 	window1: blendMode = 'avg'
23.5155 	EXP 	window1: blendMode = 'avg'
23.5322 	EXP 	window1: blendMode = 'avg'
23.5489 	EXP 	window1: blendMode = 'avg'
23.5656 	EXP 	window1: blendMode = 'avg'
23.5822 	EXP 	window1: blendMode = 'avg'
23.5990 	EXP 	window1: blendMode = 'avg'
23.6155 	EXP 	window1: blendMode = 'avg'
23.6324 	EXP 	window1: blendMode = 'avg'
23.6489 	EXP 	window1: blendMode = 'avg'
23.6657 	EXP 	window1: blendMode = 'avg'
23.6822 	EXP 	window1: blendMode = 'avg'
23.6990 	EXP 	window1: blendMode = 'avg'
23.7160 	EXP 	window1: blendMode = 'avg'
23.7323 	EXP 	window1: blendMode = 'avg'
23.7489 	EXP 	window1: blendMode = 'avg'
23.7656 	EXP 	window1: blendMode = 'avg'
23.7821 	EXP 	window1: blendMode = 'avg'
23.7991 	EXP 	window1: blendMode = 'avg'
23.8159 	EXP 	window1: blendMode = 'avg'
23.8323 	EXP 	window1: blendMode = 'avg'
23.8488 	EXP 	window1: blendMode = 'avg'
23.8656 	EXP 	window1: blendMode = 'avg'
23.8822 	EXP 	window1: blendMode = 'avg'
23.8990 	EXP 	window1: blendMode = 'avg'
23.9155 	EXP 	window1: blendMode = 'avg'
23.9324 	EXP 	window1: blendMode = 'avg'
23.9489 	EXP 	window1: blendMode = 'avg'
23.9657 	EXP 	window1: blendMode = 'avg'
23.9822 	EXP 	window1: blendMode = 'avg'
23.9990 	EXP 	window1: blendMode = 'avg'
24.0155 	EXP 	window1: blendMode = 'avg'
24.0323 	EXP 	window1: blendMode = 'avg'
24.0489 	EXP 	window1: blendMode = 'avg'
24.0657 	EXP 	window1: blendMode = 'avg'
24.0821 	EXP 	window1: blendMode = 'avg'
24.0990 	EXP 	window1: blendMode = 'avg'
24.1155 	EXP 	window1: blendMode = 'avg'
24.1327 	EXP 	window1: blendMode = 'avg'
24.1490 	EXP 	window1: blendMode = 'avg'
24.1656 	EXP 	window1: blendMode = 'avg'
24.1822 	EXP 	window1: blendMode = 'avg'
24.1990 	EXP 	window1: blendMode = 'avg'
24.2156 	EXP 	window1: blendMode = 'avg'
24.2326 	EXP 	window1: blendMode = 'avg'
24.2490 	EXP 	window1: blendMode = 'avg'
24.2662 	DATA 	Keypress: escape
