17.8299 	EXP 	Created window1 = Window(allowGUI=False, allowStencil=False, autoLog=True, bitsMode=UNKNOWN, blendMode='avg', color=array([ 0.,  0.,  0.]), colorSpace='rgb', fullscr=UNKNOWN, gamma=None, lms=UNKNOWN, monitor=<psychopy.monitors.calibTools.Monitor object at 0x112a5fc10>, multiSample=False, name='window1', numSamples=2, pos=[0, 0], screen=0, size=array([1440,  900]), stereo=False, units=u'norm', useFBO=True, useRetina=False, viewOri=0.0, viewPos=None, viewScale=None, waitBlanking=True, winType='pyglet')
17.8299 	EXP 	window1: recordFrameIntervals = False
17.9952 	EXP 	window1: recordFrameIntervals = True
18.1787 	EXP 	window1: recordFrameIntervals = False
18.4103 	EXP 	Created text_2 = TextStim(alignHoriz='center', alignVert='center', antialias=True, autoLog=True, bold=False, color=u'white', colorSpace='named', contrast=1.0, depth=0.0, flipHoriz=False, flipVert=False, font=u'Arial', fontFiles=[], height=0.1, italic=False, name='text_2', opacity=1.0, ori=0, pos=array([ 0.,  0.]), rgb=array([ 255.,  255.,  255.]), text=unicode(...), units=u'norm', win=Window(...), wrapWidth=1)
18.4172 	EXP 	Created text = TextStim(alignHoriz='center', alignVert='center', antialias=True, autoLog=True, bold=False, color=array([ 1.,  1.,  1.]), colorSpace='rgb', contrast=1.0, depth=0.0, flipHoriz=False, flipVert=False, font=u'Arial', fontFiles=[], height=0.1, italic=False, name='text', opacity=1.0, ori=0, pos=array([ 0.,  0.]), rgb=array([ 1.,  1.,  1.]), text=u'default text', units=u'norm', win=Window(...), wrapWidth=1)
18.4344 	EXP 	Created text_3 = TextStim(alignHoriz='center', alignVert='center', antialias=True, autoLog=True, bold=False, color=u'white', colorSpace='named', contrast=1.0, depth=0.0, flipHoriz=False, flipVert=False, font=u'Arial', fontFiles=[], height=0.1, italic=False, name='text_3', opacity=1.0, ori=0, pos=array([ 0.,  0.]), rgb=array([ 255.,  255.,  255.]), text=unicode(...), units=u'norm', win=Window(...), wrapWidth=1)
18.4394 	EXP 	Created text = TextStim(alignHoriz='center', alignVert='center', antialias=True, autoLog=True, bold=False, color=array([ 1.,  1.,  1.]), colorSpace='rgb', contrast=1.0, depth=0.0, flipHoriz=False, flipVert=False, font=u'Arial', fontFiles=[], height=0.1, italic=False, name='text', opacity=1.0, ori=0, pos=array([ 0.,  0.]), rgb=array([ 1.,  1.,  1.]), text=u'default text', units=u'norm', win=Window(...), wrapWidth=1)
18.4529 	EXP 	Created text_3 = TextStim(alignHoriz='center', alignVert='center', antialias=True, autoLog=True, bold=False, color=u'white', colorSpace='named', contrast=1.0, depth=0.0, flipHoriz=False, flipVert=False, font=u'Arial', fontFiles=[], height=0.1, italic=False, name='text_3', opacity=1.0, ori=0, pos=array([ 0.,  0.]), rgb=array([ 255.,  255.,  255.]), text=unicode(...), units=u'norm', win=Window(...), wrapWidth=1)
18.4585 	EXP 	Created text = TextStim(alignHoriz='center', alignVert='center', antialias=True, autoLog=True, bold=False, color=array([ 1.,  1.,  1.]), colorSpace='rgb', contrast=1.0, depth=0.0, flipHoriz=False, flipVert=False, font=u'Arial', fontFiles=[], height=0.1, italic=False, name='text', opacity=1.0, ori=0, pos=array([ 0.,  0.]), rgb=array([ 1.,  1.,  1.]), text=u'default text', units=u'norm', win=Window(...), wrapWidth=1)
18.4640 	EXP 	window1: blendMode = 'avg'
18.4788 	EXP 	text_2: autoDraw = True
18.4817 	EXP 	window1: blendMode = 'avg'
18.4966 	EXP 	window1: blendMode = 'avg'
18.5134 	EXP 	window1: blendMode = 'avg'
18.5301 	EXP 	window1: blendMode = 'avg'
18.5464 	EXP 	window1: blendMode = 'avg'
18.5630 	EXP 	window1: blendMode = 'avg'
18.5798 	EXP 	window1: blendMode = 'avg'
18.5962 	EXP 	window1: blendMode = 'avg'
18.6131 	EXP 	window1: blendMode = 'avg'
18.6298 	EXP 	window1: blendMode = 'avg'
18.6467 	EXP 	window1: blendMode = 'avg'
18.6637 	EXP 	window1: blendMode = 'avg'
18.6799 	EXP 	window1: blendMode = 'avg'
18.6966 	EXP 	window1: blendMode = 'avg'
18.7135 	EXP 	window1: blendMode = 'avg'
18.7298 	EXP 	window1: blendMode = 'avg'
18.7466 	EXP 	window1: blendMode = 'avg'
18.7632 	EXP 	window1: blendMode = 'avg'
18.7801 	EXP 	window1: blendMode = 'avg'
18.7966 	EXP 	window1: blendMode = 'avg'
18.8135 	EXP 	window1: blendMode = 'avg'
18.8304 	EXP 	window1: blendMode = 'avg'
18.8469 	EXP 	window1: blendMode = 'avg'
18.8632 	EXP 	window1: blendMode = 'avg'
18.8801 	EXP 	window1: blendMode = 'avg'
18.8965 	EXP 	window1: blendMode = 'avg'
18.9133 	EXP 	window1: blendMode = 'avg'
18.9299 	EXP 	window1: blendMode = 'avg'
18.9469 	EXP 	window1: blendMode = 'avg'
18.9632 	EXP 	window1: blendMode = 'avg'
18.9800 	EXP 	window1: blendMode = 'avg'
18.9971 	EXP 	window1: blendMode = 'avg'
19.0135 	EXP 	window1: blendMode = 'avg'
19.0299 	EXP 	window1: blendMode = 'avg'
19.0466 	EXP 	window1: blendMode = 'avg'
19.0632 	EXP 	window1: blendMode = 'avg'
19.0806 	EXP 	window1: blendMode = 'avg'
19.0967 	EXP 	window1: blendMode = 'avg'
19.1135 	EXP 	window1: blendMode = 'avg'
19.1299 	EXP 	window1: blendMode = 'avg'
19.1466 	EXP 	window1: blendMode = 'avg'
19.1633 	EXP 	window1: blendMode = 'avg'
19.1799 	EXP 	window1: blendMode = 'avg'
19.1966 	EXP 	window1: blendMode = 'avg'
19.2138 	EXP 	window1: blendMode = 'avg'
19.2300 	EXP 	window1: blendMode = 'avg'
19.2468 	EXP 	window1: blendMode = 'avg'
19.2633 	EXP 	window1: blendMode = 'avg'
19.2802 	EXP 	window1: blendMode = 'avg'
19.2965 	EXP 	window1: blendMode = 'avg'
19.3133 	EXP 	window1: blendMode = 'avg'
19.3300 	EXP 	window1: blendMode = 'avg'
19.3470 	EXP 	window1: blendMode = 'avg'
19.3634 	EXP 	window1: blendMode = 'avg'
19.3801 	EXP 	window1: blendMode = 'avg'
19.3966 	EXP 	window1: blendMode = 'avg'
19.4134 	EXP 	window1: blendMode = 'avg'
19.4299 	EXP 	window1: blendMode = 'avg'
19.4466 	EXP 	window1: blendMode = 'avg'
19.4632 	EXP 	window1: blendMode = 'avg'
19.4802 	EXP 	window1: blendMode = 'avg'
19.4965 	EXP 	window1: blendMode = 'avg'
19.5137 	EXP 	window1: blendMode = 'avg'
19.5299 	EXP 	window1: blendMode = 'avg'
19.5469 	EXP 	window1: blendMode = 'avg'
19.5633 	EXP 	window1: blendMode = 'avg'
19.5801 	EXP 	window1: blendMode = 'avg'
19.5967 	EXP 	window1: blendMode = 'avg'
19.6134 	EXP 	window1: blendMode = 'avg'
19.6300 	EXP 	window1: blendMode = 'avg'
19.6470 	EXP 	window1: blendMode = 'avg'
19.6634 	EXP 	window1: blendMode = 'avg'
19.6801 	EXP 	window1: blendMode = 'avg'
19.6964 	EXP 	window1: blendMode = 'avg'
19.7136 	EXP 	window1: blendMode = 'avg'
19.7299 	EXP 	window1: blendMode = 'avg'
19.7470 	EXP 	window1: blendMode = 'avg'
19.7633 	EXP 	window1: blendMode = 'avg'
19.7800 	EXP 	window1: blendMode = 'avg'
19.7966 	EXP 	window1: blendMode = 'avg'
19.8136 	EXP 	window1: blendMode = 'avg'
19.8300 	EXP 	window1: blendMode = 'avg'
19.8467 	EXP 	window1: blendMode = 'avg'
19.8632 	EXP 	window1: blendMode = 'avg'
19.8802 	EXP 	window1: blendMode = 'avg'
19.8968 	EXP 	window1: blendMode = 'avg'
19.9134 	EXP 	window1: blendMode = 'avg'
19.9300 	EXP 	window1: blendMode = 'avg'
19.9467 	EXP 	window1: blendMode = 'avg'
19.9633 	EXP 	window1: blendMode = 'avg'
19.9802 	EXP 	window1: blendMode = 'avg'
19.9965 	EXP 	window1: blendMode = 'avg'
20.0136 	EXP 	window1: blendMode = 'avg'
20.0300 	EXP 	window1: blendMode = 'avg'
20.0468 	EXP 	window1: blendMode = 'avg'
20.0636 	EXP 	window1: blendMode = 'avg'
20.0802 	EXP 	window1: blendMode = 'avg'
20.0966 	EXP 	window1: blendMode = 'avg'
20.1136 	EXP 	window1: blendMode = 'avg'
20.1301 	EXP 	window1: blendMode = 'avg'
20.1468 	EXP 	window1: blendMode = 'avg'
20.1633 	EXP 	window1: blendMode = 'avg'
20.1801 	EXP 	window1: blendMode = 'avg'
20.1966 	EXP 	window1: blendMode = 'avg'
20.2136 	EXP 	window1: blendMode = 'avg'
20.2307 	EXP 	window1: blendMode = 'avg'
20.2475 	EXP 	window1: blendMode = 'avg'
20.2641 	EXP 	window1: blendMode = 'avg'
20.2814 	EXP 	window1: blendMode = 'avg'
20.2967 	EXP 	window1: blendMode = 'avg'
20.3133 	EXP 	window1: blendMode = 'avg'
20.3300 	EXP 	window1: blendMode = 'avg'
20.3470 	EXP 	window1: blendMode = 'avg'
20.3635 	EXP 	window1: blendMode = 'avg'
20.3801 	EXP 	window1: blendMode = 'avg'
20.3969 	EXP 	window1: blendMode = 'avg'
20.4135 	EXP 	window1: blendMode = 'avg'
20.4299 	EXP 	window1: blendMode = 'avg'
20.4470 	EXP 	window1: blendMode = 'avg'
20.4634 	EXP 	window1: blendMode = 'avg'
20.4802 	EXP 	window1: blendMode = 'avg'
20.4966 	EXP 	window1: blendMode = 'avg'
20.5134 	EXP 	window1: blendMode = 'avg'
20.5301 	EXP 	window1: blendMode = 'avg'
20.5509 	DATA 	Keypress: space
20.5601 	EXP 	Imported conditions.xlsx as conditions, 6 conditions, 4 params
20.5608 	EXP 	Created sequence: random, trialTypes=6, nReps=1, seed=None
20.5614 	EXP 	New trial (rep=0, index=0): {'congruent': 0, 'word': u'green', 'corrAns': u'right', 'letterColor': u'blue'}
20.5786 	EXP 	text_2: autoDraw = False
20.5786 	EXP 	text: color = u'blue (named)'
20.5786 	EXP 	text: text = u'green'
21.0650 	EXP 	window1: blendMode = 'avg'
21.0788 	EXP 	text: autoDraw = True
21.0803 	EXP 	window1: blendMode = 'avg'
21.0971 	EXP 	window1: blendMode = 'avg'
21.1133 	EXP 	window1: blendMode = 'avg'
21.1302 	EXP 	window1: blendMode = 'avg'
21.1467 	EXP 	window1: blendMode = 'avg'
21.1635 	EXP 	window1: blendMode = 'avg'
21.1802 	EXP 	window1: blendMode = 'avg'
21.1970 	EXP 	window1: blendMode = 'avg'
21.2136 	EXP 	window1: blendMode = 'avg'
21.2302 	EXP 	window1: blendMode = 'avg'
21.2468 	EXP 	window1: blendMode = 'avg'
21.2636 	EXP 	window1: blendMode = 'avg'
21.2803 	EXP 	window1: blendMode = 'avg'
21.2968 	EXP 	window1: blendMode = 'avg'
21.3134 	EXP 	window1: blendMode = 'avg'
21.3302 	EXP 	window1: blendMode = 'avg'
21.3467 	EXP 	window1: blendMode = 'avg'
21.3636 	EXP 	window1: blendMode = 'avg'
21.3803 	EXP 	window1: blendMode = 'avg'
21.3969 	EXP 	window1: blendMode = 'avg'
21.4134 	EXP 	window1: blendMode = 'avg'
21.4303 	EXP 	window1: blendMode = 'avg'
21.4470 	EXP 	window1: blendMode = 'avg'
21.4635 	EXP 	window1: blendMode = 'avg'
21.4800 	EXP 	window1: blendMode = 'avg'
21.4969 	EXP 	window1: blendMode = 'avg'
21.5135 	EXP 	window1: blendMode = 'avg'
21.5303 	EXP 	window1: blendMode = 'avg'
21.5467 	EXP 	window1: blendMode = 'avg'
21.5635 	EXP 	window1: blendMode = 'avg'
21.5802 	EXP 	window1: blendMode = 'avg'
21.5972 	EXP 	window1: blendMode = 'avg'
21.6134 	EXP 	window1: blendMode = 'avg'
21.6304 	EXP 	window1: blendMode = 'avg'
21.6468 	EXP 	window1: blendMode = 'avg'
21.6639 	EXP 	window1: blendMode = 'avg'
21.6809 	EXP 	window1: blendMode = 'avg'
21.6969 	EXP 	window1: blendMode = 'avg'
21.7136 	EXP 	window1: blendMode = 'avg'
21.7305 	EXP 	window1: blendMode = 'avg'
21.7472 	EXP 	window1: blendMode = 'avg'
21.7635 	EXP 	window1: blendMode = 'avg'
21.7800 	EXP 	window1: blendMode = 'avg'
21.7978 	EXP 	window1: blendMode = 'avg'
21.8135 	EXP 	window1: blendMode = 'avg'
21.8303 	EXP 	window1: blendMode = 'avg'
21.8468 	EXP 	window1: blendMode = 'avg'
21.8635 	EXP 	window1: blendMode = 'avg'
21.8802 	EXP 	window1: blendMode = 'avg'
21.8971 	EXP 	window1: blendMode = 'avg'
21.9135 	EXP 	window1: blendMode = 'avg'
21.9302 	EXP 	window1: blendMode = 'avg'
21.9469 	EXP 	window1: blendMode = 'avg'
21.9636 	EXP 	window1: blendMode = 'avg'
21.9802 	EXP 	window1: blendMode = 'avg'
21.9969 	EXP 	window1: blendMode = 'avg'
22.0136 	EXP 	window1: blendMode = 'avg'
22.0304 	EXP 	window1: blendMode = 'avg'
22.0471 	EXP 	window1: blendMode = 'avg'
22.0636 	EXP 	window1: blendMode = 'avg'
22.0801 	EXP 	window1: blendMode = 'avg'
22.0970 	EXP 	window1: blendMode = 'avg'
22.1135 	EXP 	window1: blendMode = 'avg'
22.1303 	EXP 	window1: blendMode = 'avg'
22.1470 	EXP 	window1: blendMode = 'avg'
22.1638 	EXP 	window1: blendMode = 'avg'
22.1801 	EXP 	window1: blendMode = 'avg'
22.1970 	EXP 	window1: blendMode = 'avg'
22.2141 	EXP 	window1: blendMode = 'avg'
22.2303 	EXP 	window1: blendMode = 'avg'
22.2469 	EXP 	window1: blendMode = 'avg'
22.2637 	EXP 	window1: blendMode = 'avg'
22.2802 	EXP 	window1: blendMode = 'avg'
22.2970 	EXP 	window1: blendMode = 'avg'
22.3135 	EXP 	window1: blendMode = 'avg'
22.3303 	EXP 	window1: blendMode = 'avg'
22.3469 	EXP 	window1: blendMode = 'avg'
22.3637 	EXP 	window1: blendMode = 'avg'
22.3801 	EXP 	window1: blendMode = 'avg'
22.3970 	EXP 	window1: blendMode = 'avg'
22.4137 	EXP 	window1: blendMode = 'avg'
22.4305 	EXP 	window1: blendMode = 'avg'
22.4468 	EXP 	window1: blendMode = 'avg'
22.4636 	EXP 	window1: blendMode = 'avg'
22.4803 	EXP 	window1: blendMode = 'avg'
22.4970 	EXP 	window1: blendMode = 'avg'
22.5135 	EXP 	window1: blendMode = 'avg'
22.5305 	EXP 	window1: blendMode = 'avg'
22.5468 	EXP 	window1: blendMode = 'avg'
22.5642 	DATA 	Keypress: left
22.5663 	EXP 	New trial (rep=0, index=1): {'congruent': 0, 'word': u'blue', 'corrAns': u'left', 'letterColor': u'red'}
22.5789 	EXP 	text: autoDraw = False
22.5789 	EXP 	text: color = u'red (named)'
22.5789 	EXP 	text: text = u'blue'
23.0813 	EXP 	window1: blendMode = 'avg'
23.0957 	EXP 	text: autoDraw = True
23.0973 	EXP 	window1: blendMode = 'avg'
23.1137 	EXP 	window1: blendMode = 'avg'
23.1303 	EXP 	window1: blendMode = 'avg'
23.1472 	EXP 	window1: blendMode = 'avg'
23.1637 	EXP 	window1: blendMode = 'avg'
23.1803 	EXP 	window1: blendMode = 'avg'
23.1973 	EXP 	window1: blendMode = 'avg'
23.2137 	EXP 	window1: blendMode = 'avg'
23.2307 	EXP 	window1: blendMode = 'avg'
23.2470 	EXP 	window1: blendMode = 'avg'
23.2637 	EXP 	window1: blendMode = 'avg'
23.2802 	EXP 	window1: blendMode = 'avg'
23.2971 	EXP 	window1: blendMode = 'avg'
23.3137 	EXP 	window1: blendMode = 'avg'
23.3304 	EXP 	window1: blendMode = 'avg'
23.3470 	EXP 	window1: blendMode = 'avg'
23.3642 	EXP 	window1: blendMode = 'avg'
23.3803 	EXP 	window1: blendMode = 'avg'
23.3974 	EXP 	window1: blendMode = 'avg'
23.4136 	EXP 	window1: blendMode = 'avg'
23.4305 	EXP 	window1: blendMode = 'avg'
23.4468 	EXP 	window1: blendMode = 'avg'
23.4637 	EXP 	window1: blendMode = 'avg'
23.4805 	EXP 	window1: blendMode = 'avg'
23.4974 	EXP 	window1: blendMode = 'avg'
23.5138 	EXP 	window1: blendMode = 'avg'
23.5304 	EXP 	window1: blendMode = 'avg'
23.5469 	EXP 	window1: blendMode = 'avg'
23.5640 	EXP 	window1: blendMode = 'avg'
23.5805 	EXP 	window1: blendMode = 'avg'
23.5971 	EXP 	window1: blendMode = 'avg'
23.6137 	EXP 	window1: blendMode = 'avg'
23.6304 	EXP 	window1: blendMode = 'avg'
23.6471 	EXP 	window1: blendMode = 'avg'
23.6640 	EXP 	window1: blendMode = 'avg'
23.6804 	EXP 	window1: blendMode = 'avg'
23.6972 	EXP 	window1: blendMode = 'avg'
23.7137 	EXP 	window1: blendMode = 'avg'
23.7308 	EXP 	window1: blendMode = 'avg'
23.7470 	EXP 	window1: blendMode = 'avg'
23.7637 	EXP 	window1: blendMode = 'avg'
23.7812 	EXP 	window1: blendMode = 'avg'
23.7971 	EXP 	window1: blendMode = 'avg'
23.8146 	EXP 	window1: blendMode = 'avg'
23.8307 	EXP 	window1: blendMode = 'avg'
23.8470 	EXP 	window1: blendMode = 'avg'
23.8641 	EXP 	window1: blendMode = 'avg'
23.8805 	DATA 	Keypress: left
23.8822 	EXP 	New trial (rep=0, index=2): {'congruent': 1, 'word': u'blue', 'corrAns': u'right', 'letterColor': u'blue'}
23.8958 	EXP 	text: autoDraw = False
23.8958 	EXP 	text: color = u'blue (named)'
23.8958 	EXP 	text: text = u'blue'
24.3975 	EXP 	window1: blendMode = 'avg'
24.4124 	EXP 	text: autoDraw = True
24.4140 	EXP 	window1: blendMode = 'avg'
24.4306 	EXP 	window1: blendMode = 'avg'
24.4472 	EXP 	window1: blendMode = 'avg'
24.4640 	EXP 	window1: blendMode = 'avg'
24.4804 	EXP 	window1: blendMode = 'avg'
24.4972 	EXP 	window1: blendMode = 'avg'
24.5138 	EXP 	window1: blendMode = 'avg'
24.5306 	EXP 	window1: blendMode = 'avg'
24.5473 	EXP 	window1: blendMode = 'avg'
24.5639 	EXP 	window1: blendMode = 'avg'
24.5805 	EXP 	window1: blendMode = 'avg'
24.5972 	EXP 	window1: blendMode = 'avg'
24.6139 	EXP 	window1: blendMode = 'avg'
24.6307 	EXP 	window1: blendMode = 'avg'
24.6472 	EXP 	window1: blendMode = 'avg'
24.6638 	EXP 	window1: blendMode = 'avg'
24.6808 	EXP 	window1: blendMode = 'avg'
24.6974 	EXP 	window1: blendMode = 'avg'
24.7141 	EXP 	window1: blendMode = 'avg'
24.7306 	EXP 	window1: blendMode = 'avg'
24.7471 	EXP 	window1: blendMode = 'avg'
24.7638 	EXP 	window1: blendMode = 'avg'
24.7804 	EXP 	window1: blendMode = 'avg'
24.7973 	EXP 	window1: blendMode = 'avg'
24.8139 	EXP 	window1: blendMode = 'avg'
24.8308 	EXP 	window1: blendMode = 'avg'
24.8472 	EXP 	window1: blendMode = 'avg'
24.8643 	EXP 	window1: blendMode = 'avg'
24.8805 	EXP 	window1: blendMode = 'avg'
24.8973 	EXP 	window1: blendMode = 'avg'
24.9139 	EXP 	window1: blendMode = 'avg'
24.9310 	EXP 	window1: blendMode = 'avg'
24.9471 	EXP 	window1: blendMode = 'avg'
24.9638 	EXP 	window1: blendMode = 'avg'
24.9805 	EXP 	window1: blendMode = 'avg'
24.9976 	DATA 	Keypress: right
24.9993 	EXP 	New trial (rep=0, index=3): {'congruent': 1, 'word': u'red', 'corrAns': u'left', 'letterColor': u'red'}
25.0124 	EXP 	text: autoDraw = False
25.0124 	EXP 	text: color = u'red (named)'
25.0124 	EXP 	text: text = u'red'
25.5148 	EXP 	window1: blendMode = 'avg'
25.5293 	EXP 	text: autoDraw = True
25.5310 	EXP 	window1: blendMode = 'avg'
25.5472 	EXP 	window1: blendMode = 'avg'
25.5642 	EXP 	window1: blendMode = 'avg'
25.5805 	EXP 	window1: blendMode = 'avg'
25.5976 	EXP 	window1: blendMode = 'avg'
25.6138 	EXP 	window1: blendMode = 'avg'
25.6309 	EXP 	window1: blendMode = 'avg'
25.6473 	EXP 	window1: blendMode = 'avg'
25.6640 	EXP 	window1: blendMode = 'avg'
25.6805 	EXP 	window1: blendMode = 'avg'
25.6975 	EXP 	window1: blendMode = 'avg'
25.7141 	EXP 	window1: blendMode = 'avg'
25.7309 	EXP 	window1: blendMode = 'avg'
25.7476 	EXP 	window1: blendMode = 'avg'
25.7642 	EXP 	window1: blendMode = 'avg'
25.7806 	EXP 	window1: blendMode = 'avg'
25.7971 	EXP 	window1: blendMode = 'avg'
25.8136 	EXP 	window1: blendMode = 'avg'
25.8304 	EXP 	window1: blendMode = 'avg'
25.8469 	EXP 	window1: blendMode = 'avg'
25.8638 	EXP 	window1: blendMode = 'avg'
25.8805 	EXP 	window1: blendMode = 'avg'
25.8972 	EXP 	window1: blendMode = 'avg'
25.9137 	EXP 	window1: blendMode = 'avg'
25.9304 	EXP 	window1: blendMode = 'avg'
25.9475 	EXP 	window1: blendMode = 'avg'
25.9644 	EXP 	window1: blendMode = 'avg'
25.9800 	EXP 	window1: blendMode = 'avg'
25.9978 	EXP 	window1: blendMode = 'avg'
26.0136 	EXP 	window1: blendMode = 'avg'
26.0304 	EXP 	window1: blendMode = 'avg'
26.0472 	EXP 	window1: blendMode = 'avg'
26.0644 	DATA 	Keypress: left
26.0657 	EXP 	New trial (rep=0, index=4): {'congruent': 0, 'word': u'red', 'corrAns': u'down', 'letterColor': u'green'}
26.0795 	EXP 	text: autoDraw = False
26.0795 	EXP 	text: color = u'green (named)'
26.0795 	EXP 	text: text = u'red'
26.5810 	EXP 	window1: blendMode = 'avg'
26.5960 	EXP 	text: autoDraw = True
26.5975 	EXP 	window1: blendMode = 'avg'
26.6139 	EXP 	window1: blendMode = 'avg'
26.6308 	EXP 	window1: blendMode = 'avg'
26.6479 	EXP 	window1: blendMode = 'avg'
26.6641 	EXP 	window1: blendMode = 'avg'
26.6805 	EXP 	window1: blendMode = 'avg'
26.6974 	EXP 	window1: blendMode = 'avg'
26.7141 	EXP 	window1: blendMode = 'avg'
26.7307 	EXP 	window1: blendMode = 'avg'
26.7607 	EXP 	window1: blendMode = 'avg'
26.7806 	EXP 	window1: blendMode = 'avg'
26.7971 	EXP 	window1: blendMode = 'avg'
26.8140 	EXP 	window1: blendMode = 'avg'
26.8305 	EXP 	window1: blendMode = 'avg'
26.8474 	EXP 	window1: blendMode = 'avg'
26.8638 	EXP 	window1: blendMode = 'avg'
26.8807 	EXP 	window1: blendMode = 'avg'
26.8972 	EXP 	window1: blendMode = 'avg'
26.9144 	EXP 	window1: blendMode = 'avg'
26.9306 	EXP 	window1: blendMode = 'avg'
26.9474 	EXP 	window1: blendMode = 'avg'
26.9643 	EXP 	window1: blendMode = 'avg'
26.9808 	EXP 	window1: blendMode = 'avg'
26.9973 	EXP 	window1: blendMode = 'avg'
27.0142 	EXP 	window1: blendMode = 'avg'
27.0308 	EXP 	window1: blendMode = 'avg'
27.0477 	EXP 	window1: blendMode = 'avg'
27.0640 	EXP 	window1: blendMode = 'avg'
27.0812 	DATA 	Keypress: down
27.0829 	EXP 	New trial (rep=0, index=5): {'congruent': 1, 'word': u'green', 'corrAns': u'down', 'letterColor': u'green'}
27.0961 	EXP 	text: autoDraw = False
27.0961 	EXP 	text: color = u'green (named)'
27.0961 	EXP 	text: text = u'green'
27.5982 	EXP 	window1: blendMode = 'avg'
27.6128 	EXP 	text: autoDraw = True
27.6143 	EXP 	window1: blendMode = 'avg'
27.6307 	EXP 	window1: blendMode = 'avg'
27.6476 	EXP 	window1: blendMode = 'avg'
27.6640 	EXP 	window1: blendMode = 'avg'
27.6808 	EXP 	window1: blendMode = 'avg'
27.6975 	EXP 	window1: blendMode = 'avg'
27.7143 	EXP 	window1: blendMode = 'avg'
27.7308 	EXP 	window1: blendMode = 'avg'
27.7476 	EXP 	window1: blendMode = 'avg'
27.7644 	EXP 	window1: blendMode = 'avg'
27.7811 	EXP 	window1: blendMode = 'avg'
27.7975 	EXP 	window1: blendMode = 'avg'
27.8143 	EXP 	window1: blendMode = 'avg'
27.8308 	EXP 	window1: blendMode = 'avg'
27.8475 	EXP 	window1: blendMode = 'avg'
27.8642 	EXP 	window1: blendMode = 'avg'
27.8813 	EXP 	window1: blendMode = 'avg'
27.8977 	EXP 	window1: blendMode = 'avg'
27.9142 	EXP 	window1: blendMode = 'avg'
27.9310 	EXP 	window1: blendMode = 'avg'
27.9476 	EXP 	window1: blendMode = 'avg'
27.9641 	EXP 	window1: blendMode = 'avg'
27.9811 	EXP 	window1: blendMode = 'avg'
27.9976 	EXP 	window1: blendMode = 'avg'
28.0142 	EXP 	window1: blendMode = 'avg'
28.0307 	EXP 	window1: blendMode = 'avg'
28.0479 	DATA 	Keypress: down
28.0511 	EXP 	window1: blendMode = 'avg'
28.0629 	EXP 	text: autoDraw = False
28.0629 	EXP 	text_3: autoDraw = True
28.0646 	EXP 	window1: blendMode = 'avg'
28.0812 	EXP 	window1: blendMode = 'avg'
28.0975 	EXP 	window1: blendMode = 'avg'
28.1144 	EXP 	window1: blendMode = 'avg'
28.1308 	EXP 	window1: blendMode = 'avg'
28.1477 	EXP 	window1: blendMode = 'avg'
28.1642 	EXP 	window1: blendMode = 'avg'
28.1819 	EXP 	window1: blendMode = 'avg'
28.1976 	EXP 	window1: blendMode = 'avg'
28.2144 	EXP 	window1: blendMode = 'avg'
28.2311 	EXP 	window1: blendMode = 'avg'
28.2478 	EXP 	window1: blendMode = 'avg'
28.2642 	EXP 	window1: blendMode = 'avg'
28.2811 	EXP 	window1: blendMode = 'avg'
28.2977 	EXP 	window1: blendMode = 'avg'
28.3144 	EXP 	window1: blendMode = 'avg'
28.3312 	EXP 	window1: blendMode = 'avg'
28.3477 	EXP 	window1: blendMode = 'avg'
28.3644 	EXP 	window1: blendMode = 'avg'
28.3813 	EXP 	window1: blendMode = 'avg'
28.3976 	EXP 	window1: blendMode = 'avg'
28.4145 	EXP 	window1: blendMode = 'avg'
28.4310 	EXP 	window1: blendMode = 'avg'
28.4478 	EXP 	window1: blendMode = 'avg'
28.4642 	EXP 	window1: blendMode = 'avg'
28.4818 	EXP 	window1: blendMode = 'avg'
28.4976 	EXP 	window1: blendMode = 'avg'
28.5144 	EXP 	window1: blendMode = 'avg'
28.5311 	EXP 	window1: blendMode = 'avg'
28.5478 	EXP 	window1: blendMode = 'avg'
28.5643 	EXP 	window1: blendMode = 'avg'
28.5812 	EXP 	window1: blendMode = 'avg'
28.5976 	EXP 	window1: blendMode = 'avg'
28.6144 	EXP 	window1: blendMode = 'avg'
28.6309 	EXP 	window1: blendMode = 'avg'
28.6478 	EXP 	window1: blendMode = 'avg'
28.6641 	EXP 	window1: blendMode = 'avg'
28.6810 	EXP 	window1: blendMode = 'avg'
28.6975 	EXP 	window1: blendMode = 'avg'
28.7144 	EXP 	window1: blendMode = 'avg'
28.7311 	EXP 	window1: blendMode = 'avg'
28.7478 	EXP 	window1: blendMode = 'avg'
28.7645 	EXP 	window1: blendMode = 'avg'
28.7809 	EXP 	window1: blendMode = 'avg'
28.7976 	EXP 	window1: blendMode = 'avg'
28.8144 	EXP 	window1: blendMode = 'avg'
28.8309 	EXP 	window1: blendMode = 'avg'
28.8478 	EXP 	window1: blendMode = 'avg'
28.8643 	EXP 	window1: blendMode = 'avg'
28.8810 	EXP 	window1: blendMode = 'avg'
28.8982 	EXP 	window1: blendMode = 'avg'
28.9144 	EXP 	window1: blendMode = 'avg'
28.9313 	EXP 	window1: blendMode = 'avg'
28.9477 	EXP 	window1: blendMode = 'avg'
28.9643 	EXP 	window1: blendMode = 'avg'
28.9810 	EXP 	window1: blendMode = 'avg'
28.9976 	EXP 	window1: blendMode = 'avg'
29.0144 	EXP 	window1: blendMode = 'avg'
29.0309 	EXP 	window1: blendMode = 'avg'
29.0477 	EXP 	window1: blendMode = 'avg'
29.0642 	EXP 	window1: blendMode = 'avg'
29.0810 	EXP 	window1: blendMode = 'avg'
29.0975 	EXP 	window1: blendMode = 'avg'
29.1145 	EXP 	window1: blendMode = 'avg'
29.1312 	EXP 	window1: blendMode = 'avg'
29.1479 	EXP 	window1: blendMode = 'avg'
29.1645 	EXP 	window1: blendMode = 'avg'
29.1810 	EXP 	window1: blendMode = 'avg'
29.1976 	EXP 	window1: blendMode = 'avg'
29.2145 	EXP 	window1: blendMode = 'avg'
29.2309 	EXP 	window1: blendMode = 'avg'
29.2479 	EXP 	window1: blendMode = 'avg'
29.2643 	EXP 	window1: blendMode = 'avg'
29.2810 	EXP 	window1: blendMode = 'avg'
29.2976 	EXP 	window1: blendMode = 'avg'
29.3144 	EXP 	window1: blendMode = 'avg'
29.3314 	EXP 	window1: blendMode = 'avg'
29.3478 	EXP 	window1: blendMode = 'avg'
29.3644 	EXP 	window1: blendMode = 'avg'
29.3811 	EXP 	window1: blendMode = 'avg'
29.3979 	EXP 	window1: blendMode = 'avg'
29.4146 	EXP 	window1: blendMode = 'avg'
29.4310 	EXP 	window1: blendMode = 'avg'
29.4480 	EXP 	window1: blendMode = 'avg'
29.4644 	EXP 	window1: blendMode = 'avg'
29.4811 	EXP 	window1: blendMode = 'avg'
29.4981 	EXP 	window1: blendMode = 'avg'
29.5146 	EXP 	window1: blendMode = 'avg'
29.5310 	EXP 	window1: blendMode = 'avg'
29.5478 	EXP 	window1: blendMode = 'avg'
29.5654 	DATA 	Keypress: space
29.5739 	EXP 	Imported conditions.xlsx as conditions, 6 conditions, 4 params
29.5744 	EXP 	Created sequence: random, trialTypes=6, nReps=1, seed=None
29.5750 	EXP 	New trial (rep=0, index=0): {'congruent': 1, 'word': u'red', 'corrAns': u'left', 'letterColor': u'red'}
29.5964 	EXP 	text_3: autoDraw = False
29.5964 	EXP 	text: color = u'red (named)'
29.5964 	EXP 	text: text = u'red'
30.0821 	EXP 	window1: blendMode = 'avg'
30.0964 	EXP 	text: autoDraw = True
30.0978 	EXP 	window1: blendMode = 'avg'
30.1143 	EXP 	window1: blendMode = 'avg'
30.1310 	EXP 	window1: blendMode = 'avg'
30.1477 	EXP 	window1: blendMode = 'avg'
30.1646 	EXP 	window1: blendMode = 'avg'
30.1811 	EXP 	window1: blendMode = 'avg'
30.1980 	EXP 	window1: blendMode = 'avg'
30.2144 	EXP 	window1: blendMode = 'avg'
30.2314 	EXP 	window1: blendMode = 'avg'
30.2477 	EXP 	window1: blendMode = 'avg'
30.2646 	EXP 	window1: blendMode = 'avg'
30.2809 	EXP 	window1: blendMode = 'avg'
30.2980 	EXP 	window1: blendMode = 'avg'
30.3143 	EXP 	window1: blendMode = 'avg'
30.3310 	EXP 	window1: blendMode = 'avg'
30.3479 	EXP 	window1: blendMode = 'avg'
30.3645 	EXP 	window1: blendMode = 'avg'
30.3813 	EXP 	window1: blendMode = 'avg'
30.3979 	EXP 	window1: blendMode = 'avg'
30.4145 	EXP 	window1: blendMode = 'avg'
30.4310 	EXP 	window1: blendMode = 'avg'
30.4479 	EXP 	window1: blendMode = 'avg'
30.4653 	EXP 	window1: blendMode = 'avg'
30.4810 	EXP 	window1: blendMode = 'avg'
30.4980 	EXP 	window1: blendMode = 'avg'
30.5143 	EXP 	window1: blendMode = 'avg'
30.5312 	EXP 	window1: blendMode = 'avg'
30.5480 	EXP 	window1: blendMode = 'avg'
30.5645 	EXP 	window1: blendMode = 'avg'
30.5814 	EXP 	window1: blendMode = 'avg'
30.5978 	EXP 	window1: blendMode = 'avg'
30.6145 	EXP 	window1: blendMode = 'avg'
30.6311 	EXP 	window1: blendMode = 'avg'
30.6478 	EXP 	window1: blendMode = 'avg'
30.6645 	EXP 	window1: blendMode = 'avg'
30.6814 	EXP 	window1: blendMode = 'avg'
30.6980 	EXP 	window1: blendMode = 'avg'
30.7144 	EXP 	window1: blendMode = 'avg'
30.7312 	EXP 	window1: blendMode = 'avg'
30.7478 	EXP 	window1: blendMode = 'avg'
30.7650 	EXP 	window1: blendMode = 'avg'
30.7812 	EXP 	window1: blendMode = 'avg'
30.7980 	EXP 	window1: blendMode = 'avg'
30.8144 	EXP 	window1: blendMode = 'avg'
30.8312 	EXP 	window1: blendMode = 'avg'
30.8478 	EXP 	window1: blendMode = 'avg'
30.8646 	EXP 	window1: blendMode = 'avg'
30.8813 	EXP 	window1: blendMode = 'avg'
30.8981 	EXP 	window1: blendMode = 'avg'
30.9147 	EXP 	window1: blendMode = 'avg'
30.9311 	EXP 	window1: blendMode = 'avg'
30.9481 	DATA 	Keypress: left
30.9501 	EXP 	New trial (rep=0, index=1): {'congruent': 1, 'word': u'blue', 'corrAns': u'right', 'letterColor': u'blue'}
30.9632 	EXP 	text: autoDraw = False
30.9632 	EXP 	text: color = u'blue (named)'
30.9632 	EXP 	text: text = u'blue'
31.4655 	EXP 	window1: blendMode = 'avg'
31.4798 	EXP 	text: autoDraw = True
31.4814 	EXP 	window1: blendMode = 'avg'
31.4979 	EXP 	window1: blendMode = 'avg'
31.5145 	EXP 	window1: blendMode = 'avg'
31.5313 	EXP 	window1: blendMode = 'avg'
31.5478 	EXP 	window1: blendMode = 'avg'
31.5646 	EXP 	window1: blendMode = 'avg'
31.5811 	EXP 	window1: blendMode = 'avg'
31.5979 	EXP 	window1: blendMode = 'avg'
31.6149 	EXP 	window1: blendMode = 'avg'
31.6313 	EXP 	window1: blendMode = 'avg'
31.6480 	EXP 	window1: blendMode = 'avg'
31.6647 	EXP 	window1: blendMode = 'avg'
31.6813 	EXP 	window1: blendMode = 'avg'
31.6982 	EXP 	window1: blendMode = 'avg'
31.7146 	EXP 	window1: blendMode = 'avg'
31.7315 	EXP 	window1: blendMode = 'avg'
31.7478 	EXP 	window1: blendMode = 'avg'
31.7649 	EXP 	window1: blendMode = 'avg'
31.7811 	EXP 	window1: blendMode = 'avg'
31.7980 	EXP 	window1: blendMode = 'avg'
31.8145 	EXP 	window1: blendMode = 'avg'
31.8314 	EXP 	window1: blendMode = 'avg'
31.8478 	EXP 	window1: blendMode = 'avg'
31.8647 	EXP 	window1: blendMode = 'avg'
31.8811 	EXP 	window1: blendMode = 'avg'
31.8980 	EXP 	window1: blendMode = 'avg'
31.9146 	EXP 	window1: blendMode = 'avg'
31.9314 	EXP 	window1: blendMode = 'avg'
31.9481 	EXP 	window1: blendMode = 'avg'
31.9647 	EXP 	window1: blendMode = 'avg'
31.9812 	EXP 	window1: blendMode = 'avg'
31.9982 	EXP 	window1: blendMode = 'avg'
32.0148 	DATA 	Keypress: right
32.0164 	EXP 	New trial (rep=0, index=2): {'congruent': 0, 'word': u'blue', 'corrAns': u'left', 'letterColor': u'red'}
32.0299 	EXP 	text: autoDraw = False
32.0299 	EXP 	text: color = u'red (named)'
32.0299 	EXP 	text: text = u'blue'
32.5318 	EXP 	window1: blendMode = 'avg'
32.5465 	EXP 	text: autoDraw = True
32.5479 	EXP 	window1: blendMode = 'avg'
32.5649 	EXP 	window1: blendMode = 'avg'
32.5813 	EXP 	window1: blendMode = 'avg'
32.5980 	EXP 	window1: blendMode = 'avg'
32.6146 	EXP 	window1: blendMode = 'avg'
32.6313 	EXP 	window1: blendMode = 'avg'
32.6480 	EXP 	window1: blendMode = 'avg'
32.6648 	EXP 	window1: blendMode = 'avg'
32.6813 	EXP 	window1: blendMode = 'avg'
32.6982 	EXP 	window1: blendMode = 'avg'
32.7147 	EXP 	window1: blendMode = 'avg'
32.7314 	EXP 	window1: blendMode = 'avg'
32.7480 	EXP 	window1: blendMode = 'avg'
32.7651 	EXP 	window1: blendMode = 'avg'
32.7813 	EXP 	window1: blendMode = 'avg'
32.7983 	EXP 	window1: blendMode = 'avg'
32.8147 	EXP 	window1: blendMode = 'avg'
32.8315 	EXP 	window1: blendMode = 'avg'
32.8479 	EXP 	window1: blendMode = 'avg'
32.8648 	EXP 	window1: blendMode = 'avg'
32.8814 	EXP 	window1: blendMode = 'avg'
32.8985 	EXP 	window1: blendMode = 'avg'
32.9147 	EXP 	window1: blendMode = 'avg'
32.9314 	EXP 	window1: blendMode = 'avg'
32.9479 	EXP 	window1: blendMode = 'avg'
32.9648 	EXP 	window1: blendMode = 'avg'
32.9814 	EXP 	window1: blendMode = 'avg'
32.9985 	EXP 	window1: blendMode = 'avg'
33.0147 	EXP 	window1: blendMode = 'avg'
33.0314 	EXP 	window1: blendMode = 'avg'
33.0480 	EXP 	window1: blendMode = 'avg'
33.0648 	EXP 	window1: blendMode = 'avg'
33.0818 	EXP 	window1: blendMode = 'avg'
33.0983 	EXP 	window1: blendMode = 'avg'
33.1147 	EXP 	window1: blendMode = 'avg'
33.1315 	EXP 	window1: blendMode = 'avg'
33.1480 	EXP 	window1: blendMode = 'avg'
33.1652 	EXP 	window1: blendMode = 'avg'
33.1819 	EXP 	window1: blendMode = 'avg'
33.1987 	DATA 	Keypress: left
33.2003 	EXP 	New trial (rep=0, index=3): {'congruent': 0, 'word': u'green', 'corrAns': u'right', 'letterColor': u'blue'}
33.2132 	EXP 	text: autoDraw = False
33.2132 	EXP 	text: color = u'blue (named)'
33.2132 	EXP 	text: text = u'green'
33.7155 	EXP 	window1: blendMode = 'avg'
33.7302 	EXP 	text: autoDraw = True
33.7316 	EXP 	window1: blendMode = 'avg'
33.7482 	EXP 	window1: blendMode = 'avg'
33.7652 	EXP 	window1: blendMode = 'avg'
33.7814 	EXP 	window1: blendMode = 'avg'
33.7980 	EXP 	window1: blendMode = 'avg'
33.8148 	EXP 	window1: blendMode = 'avg'
33.8316 	EXP 	window1: blendMode = 'avg'
33.8482 	EXP 	window1: blendMode = 'avg'
33.8649 	EXP 	window1: blendMode = 'avg'
33.8815 	EXP 	window1: blendMode = 'avg'
33.8982 	EXP 	window1: blendMode = 'avg'
33.9147 	EXP 	window1: blendMode = 'avg'
33.9316 	EXP 	window1: blendMode = 'avg'
33.9482 	EXP 	window1: blendMode = 'avg'
33.9651 	EXP 	window1: blendMode = 'avg'
33.9813 	EXP 	window1: blendMode = 'avg'
33.9984 	EXP 	window1: blendMode = 'avg'
34.0147 	EXP 	window1: blendMode = 'avg'
34.0316 	EXP 	window1: blendMode = 'avg'
34.0480 	EXP 	window1: blendMode = 'avg'
34.0649 	EXP 	window1: blendMode = 'avg'
34.0817 	EXP 	window1: blendMode = 'avg'
34.0983 	EXP 	window1: blendMode = 'avg'
34.1148 	EXP 	window1: blendMode = 'avg'
34.1316 	EXP 	window1: blendMode = 'avg'
34.1481 	EXP 	window1: blendMode = 'avg'
34.1651 	EXP 	window1: blendMode = 'avg'
34.1814 	EXP 	window1: blendMode = 'avg'
34.1982 	EXP 	window1: blendMode = 'avg'
34.2147 	EXP 	window1: blendMode = 'avg'
34.2316 	EXP 	window1: blendMode = 'avg'
34.2484 	EXP 	window1: blendMode = 'avg'
34.2649 	EXP 	window1: blendMode = 'avg'
34.2814 	EXP 	window1: blendMode = 'avg'
34.2983 	EXP 	window1: blendMode = 'avg'
34.3148 	EXP 	window1: blendMode = 'avg'
34.3320 	EXP 	window1: blendMode = 'avg'
34.3483 	EXP 	window1: blendMode = 'avg'
34.3649 	EXP 	window1: blendMode = 'avg'
34.3815 	EXP 	window1: blendMode = 'avg'
34.3981 	EXP 	window1: blendMode = 'avg'
34.4148 	EXP 	window1: blendMode = 'avg'
34.4317 	EXP 	window1: blendMode = 'avg'
34.4484 	EXP 	window1: blendMode = 'avg'
34.4649 	EXP 	window1: blendMode = 'avg'
34.4814 	EXP 	window1: blendMode = 'avg'
34.4982 	EXP 	window1: blendMode = 'avg'
34.5148 	EXP 	window1: blendMode = 'avg'
34.5318 	EXP 	window1: blendMode = 'avg'
34.5481 	EXP 	window1: blendMode = 'avg'
34.5651 	EXP 	window1: blendMode = 'avg'
34.5815 	EXP 	window1: blendMode = 'avg'
34.5981 	EXP 	window1: blendMode = 'avg'
34.6148 	EXP 	window1: blendMode = 'avg'
34.6317 	EXP 	window1: blendMode = 'avg'
34.6481 	EXP 	window1: blendMode = 'avg'
34.6649 	EXP 	window1: blendMode = 'avg'
34.6814 	EXP 	window1: blendMode = 'avg'
34.6985 	EXP 	window1: blendMode = 'avg'
34.7148 	EXP 	window1: blendMode = 'avg'
34.7316 	EXP 	window1: blendMode = 'avg'
34.7487 	EXP 	window1: blendMode = 'avg'
34.7652 	EXP 	window1: blendMode = 'avg'
34.7814 	EXP 	window1: blendMode = 'avg'
34.7983 	EXP 	window1: blendMode = 'avg'
34.8148 	EXP 	window1: blendMode = 'avg'
34.8315 	EXP 	window1: blendMode = 'avg'
34.8484 	EXP 	window1: blendMode = 'avg'
34.8651 	DATA 	Keypress: right
34.8667 	EXP 	New trial (rep=0, index=4): {'congruent': 0, 'word': u'red', 'corrAns': u'down', 'letterColor': u'green'}
34.8801 	EXP 	text: autoDraw = False
34.8801 	EXP 	text: color = u'green (named)'
34.8801 	EXP 	text: text = u'red'
35.3826 	EXP 	window1: blendMode = 'avg'
35.3970 	EXP 	text: autoDraw = True
35.3986 	EXP 	window1: blendMode = 'avg'
35.4149 	EXP 	window1: blendMode = 'avg'
35.4322 	EXP 	window1: blendMode = 'avg'
35.4481 	EXP 	window1: blendMode = 'avg'
35.4650 	EXP 	window1: blendMode = 'avg'
35.4816 	EXP 	window1: blendMode = 'avg'
35.4984 	EXP 	window1: blendMode = 'avg'
35.5149 	EXP 	window1: blendMode = 'avg'
35.5317 	EXP 	window1: blendMode = 'avg'
35.5483 	EXP 	window1: blendMode = 'avg'
35.5652 	EXP 	window1: blendMode = 'avg'
35.5823 	EXP 	window1: blendMode = 'avg'
35.5985 	EXP 	window1: blendMode = 'avg'
35.6155 	EXP 	window1: blendMode = 'avg'
35.6318 	EXP 	window1: blendMode = 'avg'
35.6484 	EXP 	window1: blendMode = 'avg'
35.6651 	EXP 	window1: blendMode = 'avg'
35.6816 	EXP 	window1: blendMode = 'avg'
35.6987 	EXP 	window1: blendMode = 'avg'
35.7151 	EXP 	window1: blendMode = 'avg'
35.7318 	EXP 	window1: blendMode = 'avg'
35.7485 	EXP 	window1: blendMode = 'avg'
35.7654 	EXP 	window1: blendMode = 'avg'
35.7817 	EXP 	window1: blendMode = 'avg'
35.7984 	EXP 	window1: blendMode = 'avg'
35.8149 	EXP 	window1: blendMode = 'avg'
35.8318 	EXP 	window1: blendMode = 'avg'
35.8483 	EXP 	window1: blendMode = 'avg'
35.8652 	EXP 	window1: blendMode = 'avg'
35.8816 	EXP 	window1: blendMode = 'avg'
35.8989 	EXP 	window1: blendMode = 'avg'
35.9150 	EXP 	window1: blendMode = 'avg'
35.9321 	DATA 	Keypress: down
35.9338 	EXP 	New trial (rep=0, index=5): {'congruent': 1, 'word': u'green', 'corrAns': u'down', 'letterColor': u'green'}
35.9469 	EXP 	text: autoDraw = False
35.9469 	EXP 	text: color = u'green (named)'
35.9469 	EXP 	text: text = u'green'
36.4491 	EXP 	window1: blendMode = 'avg'
36.4637 	EXP 	text: autoDraw = True
36.4652 	EXP 	window1: blendMode = 'avg'
36.4818 	EXP 	window1: blendMode = 'avg'
36.4988 	EXP 	window1: blendMode = 'avg'
36.5151 	EXP 	window1: blendMode = 'avg'
36.5319 	EXP 	window1: blendMode = 'avg'
36.5483 	EXP 	window1: blendMode = 'avg'
36.5652 	EXP 	window1: blendMode = 'avg'
36.5818 	EXP 	window1: blendMode = 'avg'
36.5985 	EXP 	window1: blendMode = 'avg'
36.6150 	EXP 	window1: blendMode = 'avg'
36.6319 	EXP 	window1: blendMode = 'avg'
36.6490 	EXP 	window1: blendMode = 'avg'
36.6653 	EXP 	window1: blendMode = 'avg'
36.6819 	EXP 	window1: blendMode = 'avg'
36.6985 	EXP 	window1: blendMode = 'avg'
36.7150 	EXP 	window1: blendMode = 'avg'
36.7326 	EXP 	window1: blendMode = 'avg'
36.7489 	EXP 	window1: blendMode = 'avg'
36.7652 	EXP 	window1: blendMode = 'avg'
36.7819 	EXP 	window1: blendMode = 'avg'
36.7985 	EXP 	window1: blendMode = 'avg'
36.8152 	EXP 	window1: blendMode = 'avg'
36.8320 	EXP 	window1: blendMode = 'avg'
36.8485 	EXP 	window1: blendMode = 'avg'
36.8651 	EXP 	window1: blendMode = 'avg'
36.8817 	EXP 	window1: blendMode = 'avg'
36.8986 	EXP 	window1: blendMode = 'avg'
36.9150 	EXP 	window1: blendMode = 'avg'
36.9319 	EXP 	window1: blendMode = 'avg'
36.9484 	EXP 	window1: blendMode = 'avg'
36.9652 	EXP 	window1: blendMode = 'avg'
36.9822 	DATA 	Keypress: down
36.9850 	EXP 	window1: blendMode = 'avg'
36.9972 	EXP 	text: autoDraw = False
36.9972 	EXP 	text_3: autoDraw = True
36.9987 	EXP 	window1: blendMode = 'avg'
37.0151 	EXP 	window1: blendMode = 'avg'
37.0319 	EXP 	window1: blendMode = 'avg'
37.0485 	EXP 	window1: blendMode = 'avg'
37.0655 	EXP 	window1: blendMode = 'avg'
37.0818 	EXP 	window1: blendMode = 'avg'
37.0986 	EXP 	window1: blendMode = 'avg'
37.1158 	EXP 	window1: blendMode = 'avg'
37.1319 	EXP 	window1: blendMode = 'avg'
37.1488 	EXP 	window1: blendMode = 'avg'
37.1655 	EXP 	window1: blendMode = 'avg'
37.1819 	EXP 	window1: blendMode = 'avg'
37.1986 	EXP 	window1: blendMode = 'avg'
37.2152 	EXP 	window1: blendMode = 'avg'
37.2318 	EXP 	window1: blendMode = 'avg'
37.2485 	EXP 	window1: blendMode = 'avg'
37.2652 	EXP 	window1: blendMode = 'avg'
37.2819 	EXP 	window1: blendMode = 'avg'
37.2987 	EXP 	window1: blendMode = 'avg'
37.3150 	EXP 	window1: blendMode = 'avg'
37.3320 	EXP 	window1: blendMode = 'avg'
37.3488 	EXP 	window1: blendMode = 'avg'
37.3653 	EXP 	window1: blendMode = 'avg'
37.3822 	EXP 	window1: blendMode = 'avg'
37.3987 	EXP 	window1: blendMode = 'avg'
37.4152 	EXP 	window1: blendMode = 'avg'
37.4322 	EXP 	window1: blendMode = 'avg'
37.4485 	EXP 	window1: blendMode = 'avg'
37.4658 	EXP 	window1: blendMode = 'avg'
37.4818 	EXP 	window1: blendMode = 'avg'
37.4987 	EXP 	window1: blendMode = 'avg'
37.5153 	EXP 	window1: blendMode = 'avg'
37.5319 	EXP 	window1: blendMode = 'avg'
37.5485 	EXP 	window1: blendMode = 'avg'
37.5652 	EXP 	window1: blendMode = 'avg'
37.5820 	EXP 	window1: blendMode = 'avg'
37.5990 	EXP 	window1: blendMode = 'avg'
37.6152 	EXP 	window1: blendMode = 'avg'
37.6320 	EXP 	window1: blendMode = 'avg'
37.6485 	EXP 	window1: blendMode = 'avg'
37.6653 	EXP 	window1: blendMode = 'avg'
37.6820 	EXP 	window1: blendMode = 'avg'
37.6986 	EXP 	window1: blendMode = 'avg'
37.7152 	EXP 	window1: blendMode = 'avg'
37.7321 	EXP 	window1: blendMode = 'avg'
37.7488 	EXP 	window1: blendMode = 'avg'
37.7656 	EXP 	window1: blendMode = 'avg'
37.7820 	EXP 	window1: blendMode = 'avg'
37.7987 	EXP 	window1: blendMode = 'avg'
37.8153 	EXP 	window1: blendMode = 'avg'
37.8320 	EXP 	window1: blendMode = 'avg'
37.8484 	EXP 	window1: blendMode = 'avg'
37.8653 	EXP 	window1: blendMode = 'avg'
37.8829 	EXP 	window1: blendMode = 'avg'
37.8987 	EXP 	window1: blendMode = 'avg'
37.9152 	EXP 	window1: blendMode = 'avg'
37.9321 	EXP 	window1: blendMode = 'avg'
37.9485 	EXP 	window1: blendMode = 'avg'
37.9656 	EXP 	window1: blendMode = 'avg'
37.9820 	EXP 	window1: blendMode = 'avg'
37.9988 	EXP 	window1: blendMode = 'avg'
38.0152 	EXP 	window1: blendMode = 'avg'
38.0321 	EXP 	window1: blendMode = 'avg'
38.0486 	EXP 	window1: blendMode = 'avg'
38.0655 	EXP 	window1: blendMode = 'avg'
38.0819 	EXP 	window1: blendMode = 'avg'
38.0987 	EXP 	window1: blendMode = 'avg'
38.1165 	DATA 	Keypress: space
38.1249 	EXP 	Imported conditions.xlsx as conditions, 6 conditions, 4 params
38.1254 	EXP 	Created sequence: random, trialTypes=6, nReps=1, seed=None
38.1260 	EXP 	New trial (rep=0, index=0): {'congruent': 1, 'word': u'blue', 'corrAns': u'right', 'letterColor': u'blue'}
38.1473 	EXP 	text_3: autoDraw = False
38.1473 	EXP 	text: color = u'blue (named)'
38.1473 	EXP 	text: text = u'blue'
38.6328 	EXP 	window1: blendMode = 'avg'
38.6473 	EXP 	text: autoDraw = True
38.6488 	EXP 	window1: blendMode = 'avg'
38.6653 	EXP 	window1: blendMode = 'avg'
38.6820 	EXP 	window1: blendMode = 'avg'
38.6985 	EXP 	window1: blendMode = 'avg'
38.7160 	EXP 	window1: blendMode = 'avg'
38.7319 	EXP 	window1: blendMode = 'avg'
38.7487 	EXP 	window1: blendMode = 'avg'
38.7652 	EXP 	window1: blendMode = 'avg'
38.7821 	EXP 	window1: blendMode = 'avg'
38.7986 	EXP 	window1: blendMode = 'avg'
38.8156 	EXP 	window1: blendMode = 'avg'
38.8320 	EXP 	window1: blendMode = 'avg'
38.8488 	EXP 	window1: blendMode = 'avg'
38.8656 	EXP 	window1: blendMode = 'avg'
38.8820 	EXP 	window1: blendMode = 'avg'
38.8987 	EXP 	window1: blendMode = 'avg'
38.9153 	EXP 	window1: blendMode = 'avg'
38.9321 	EXP 	window1: blendMode = 'avg'
38.9488 	EXP 	window1: blendMode = 'avg'
38.9652 	EXP 	window1: blendMode = 'avg'
38.9821 	EXP 	window1: blendMode = 'avg'
38.9987 	EXP 	window1: blendMode = 'avg'
39.0156 	EXP 	window1: blendMode = 'avg'
39.0322 	EXP 	window1: blendMode = 'avg'
39.0489 	EXP 	window1: blendMode = 'avg'
39.0653 	EXP 	window1: blendMode = 'avg'
39.0821 	EXP 	window1: blendMode = 'avg'
39.0988 	EXP 	window1: blendMode = 'avg'
39.1154 	EXP 	window1: blendMode = 'avg'
39.1320 	EXP 	window1: blendMode = 'avg'
39.1488 	EXP 	window1: blendMode = 'avg'
39.1652 	EXP 	window1: blendMode = 'avg'
39.1820 	EXP 	window1: blendMode = 'avg'
39.1986 	EXP 	window1: blendMode = 'avg'
39.2157 	EXP 	window1: blendMode = 'avg'
39.2320 	EXP 	window1: blendMode = 'avg'
39.2490 	EXP 	window1: blendMode = 'avg'
39.2652 	EXP 	window1: blendMode = 'avg'
39.2821 	EXP 	window1: blendMode = 'avg'
39.2987 	EXP 	window1: blendMode = 'avg'
39.3154 	EXP 	window1: blendMode = 'avg'
39.3319 	EXP 	window1: blendMode = 'avg'
39.3489 	EXP 	window1: blendMode = 'avg'
39.3655 	EXP 	window1: blendMode = 'avg'
39.3823 	EXP 	window1: blendMode = 'avg'
39.3988 	EXP 	window1: blendMode = 'avg'
39.4153 	EXP 	window1: blendMode = 'avg'
39.4320 	EXP 	window1: blendMode = 'avg'
39.4492 	EXP 	window1: blendMode = 'avg'
39.4653 	EXP 	window1: blendMode = 'avg'
39.4821 	EXP 	window1: blendMode = 'avg'
39.4986 	EXP 	window1: blendMode = 'avg'
39.5158 	EXP 	window1: blendMode = 'avg'
39.5319 	EXP 	window1: blendMode = 'avg'
39.5488 	EXP 	window1: blendMode = 'avg'
39.5653 	EXP 	window1: blendMode = 'avg'
39.5822 	EXP 	window1: blendMode = 'avg'
39.5987 	EXP 	window1: blendMode = 'avg'
39.6154 	EXP 	window1: blendMode = 'avg'
39.6320 	EXP 	window1: blendMode = 'avg'
39.6487 	EXP 	window1: blendMode = 'avg'
39.6653 	EXP 	window1: blendMode = 'avg'
39.6823 	EXP 	window1: blendMode = 'avg'
39.6987 	EXP 	window1: blendMode = 'avg'
39.7156 	EXP 	window1: blendMode = 'avg'
39.7320 	EXP 	window1: blendMode = 'avg'
39.7489 	EXP 	window1: blendMode = 'avg'
39.7653 	EXP 	window1: blendMode = 'avg'
39.7821 	EXP 	window1: blendMode = 'avg'
39.7987 	EXP 	window1: blendMode = 'avg'
39.8157 	EXP 	window1: blendMode = 'avg'
39.8320 	EXP 	window1: blendMode = 'avg'
39.8488 	EXP 	window1: blendMode = 'avg'
39.8659 	EXP 	window1: blendMode = 'avg'
39.8822 	EXP 	window1: blendMode = 'avg'
39.8987 	EXP 	window1: blendMode = 'avg'
39.9154 	EXP 	window1: blendMode = 'avg'
39.9321 	EXP 	window1: blendMode = 'avg'
39.9488 	EXP 	window1: blendMode = 'avg'
39.9653 	EXP 	window1: blendMode = 'avg'
39.9825 	EXP 	window1: blendMode = 'avg'
39.9988 	EXP 	window1: blendMode = 'avg'
40.0158 	EXP 	window1: blendMode = 'avg'
40.0320 	EXP 	window1: blendMode = 'avg'
40.0489 	EXP 	window1: blendMode = 'avg'
40.0653 	EXP 	window1: blendMode = 'avg'
40.0826 	EXP 	window1: blendMode = 'avg'
40.0988 	EXP 	window1: blendMode = 'avg'
40.1154 	EXP 	window1: blendMode = 'avg'
40.1321 	EXP 	window1: blendMode = 'avg'
40.1489 	EXP 	window1: blendMode = 'avg'
40.1653 	EXP 	window1: blendMode = 'avg'
40.1829 	DATA 	Keypress: right
40.1849 	EXP 	New trial (rep=0, index=1): {'congruent': 0, 'word': u'red', 'corrAns': u'down', 'letterColor': u'green'}
40.1974 	EXP 	text: autoDraw = False
40.1974 	EXP 	text: color = u'green (named)'
40.1974 	EXP 	text: text = u'red'
40.6998 	EXP 	window1: blendMode = 'avg'
40.7141 	EXP 	text: autoDraw = True
40.7156 	EXP 	window1: blendMode = 'avg'
40.7321 	EXP 	window1: blendMode = 'avg'
40.7489 	EXP 	window1: blendMode = 'avg'
40.7653 	EXP 	window1: blendMode = 'avg'
40.7822 	EXP 	window1: blendMode = 'avg'
40.7990 	EXP 	window1: blendMode = 'avg'
40.8156 	EXP 	window1: blendMode = 'avg'
40.8321 	EXP 	window1: blendMode = 'avg'
40.8489 	EXP 	window1: blendMode = 'avg'
40.8653 	EXP 	window1: blendMode = 'avg'
40.8822 	EXP 	window1: blendMode = 'avg'
40.8989 	EXP 	window1: blendMode = 'avg'
40.9158 	EXP 	window1: blendMode = 'avg'
40.9323 	EXP 	window1: blendMode = 'avg'
40.9493 	EXP 	window1: blendMode = 'avg'
40.9653 	EXP 	window1: blendMode = 'avg'
40.9823 	EXP 	window1: blendMode = 'avg'
40.9988 	EXP 	window1: blendMode = 'avg'
41.0165 	EXP 	window1: blendMode = 'avg'
41.0321 	EXP 	window1: blendMode = 'avg'
41.0489 	EXP 	window1: blendMode = 'avg'
41.0654 	EXP 	window1: blendMode = 'avg'
41.0823 	EXP 	window1: blendMode = 'avg'
41.0994 	EXP 	window1: blendMode = 'avg'
41.1156 	EXP 	window1: blendMode = 'avg'
41.1322 	EXP 	window1: blendMode = 'avg'
41.1490 	EXP 	window1: blendMode = 'avg'
41.1655 	EXP 	window1: blendMode = 'avg'
41.1823 	EXP 	window1: blendMode = 'avg'
41.1989 	EXP 	window1: blendMode = 'avg'
41.2156 	EXP 	window1: blendMode = 'avg'
41.2322 	EXP 	window1: blendMode = 'avg'
41.2491 	EXP 	window1: blendMode = 'avg'
41.2656 	EXP 	window1: blendMode = 'avg'
41.2822 	EXP 	window1: blendMode = 'avg'
41.2988 	EXP 	window1: blendMode = 'avg'
41.3157 	EXP 	window1: blendMode = 'avg'
41.3322 	EXP 	window1: blendMode = 'avg'
41.3491 	EXP 	window1: blendMode = 'avg'
41.3657 	EXP 	window1: blendMode = 'avg'
41.3823 	EXP 	window1: blendMode = 'avg'
41.3988 	EXP 	window1: blendMode = 'avg'
41.4157 	EXP 	window1: blendMode = 'avg'
41.4331 	EXP 	window1: blendMode = 'avg'
41.4490 	EXP 	window1: blendMode = 'avg'
41.4655 	EXP 	window1: blendMode = 'avg'
41.4826 	DATA 	Keypress: down
41.4843 	EXP 	New trial (rep=0, index=2): {'congruent': 1, 'word': u'red', 'corrAns': u'left', 'letterColor': u'red'}
41.4975 	EXP 	text: autoDraw = False
41.4975 	EXP 	text: color = u'red (named)'
41.4975 	EXP 	text: text = u'red'
41.9993 	EXP 	window1: blendMode = 'avg'
42.0143 	EXP 	text: autoDraw = True
42.0157 	EXP 	window1: blendMode = 'avg'
42.0322 	EXP 	window1: blendMode = 'avg'
42.0490 	EXP 	window1: blendMode = 'avg'
42.0657 	EXP 	window1: blendMode = 'avg'
42.0823 	EXP 	window1: blendMode = 'avg'
42.0990 	EXP 	window1: blendMode = 'avg'
42.1157 	EXP 	window1: blendMode = 'avg'
42.1322 	EXP 	window1: blendMode = 'avg'
42.1492 	EXP 	window1: blendMode = 'avg'
42.1658 	EXP 	window1: blendMode = 'avg'
42.1824 	EXP 	window1: blendMode = 'avg'
42.1989 	EXP 	window1: blendMode = 'avg'
42.2157 	EXP 	window1: blendMode = 'avg'
42.2322 	EXP 	window1: blendMode = 'avg'
42.2491 	EXP 	window1: blendMode = 'avg'
42.2656 	EXP 	window1: blendMode = 'avg'
42.2824 	EXP 	window1: blendMode = 'avg'
42.2989 	EXP 	window1: blendMode = 'avg'
42.3158 	EXP 	window1: blendMode = 'avg'
42.3323 	EXP 	window1: blendMode = 'avg'
42.3491 	EXP 	window1: blendMode = 'avg'
42.3657 	EXP 	window1: blendMode = 'avg'
42.3827 	EXP 	window1: blendMode = 'avg'
42.3989 	EXP 	window1: blendMode = 'avg'
42.4159 	EXP 	window1: blendMode = 'avg'
42.4323 	EXP 	window1: blendMode = 'avg'
42.4491 	EXP 	window1: blendMode = 'avg'
42.4656 	EXP 	window1: blendMode = 'avg'
42.4828 	EXP 	window1: blendMode = 'avg'
42.4995 	EXP 	window1: blendMode = 'avg'
42.5158 	EXP 	window1: blendMode = 'avg'
42.5323 	EXP 	window1: blendMode = 'avg'
42.5491 	EXP 	window1: blendMode = 'avg'
42.5659 	DATA 	Keypress: left
42.5675 	EXP 	New trial (rep=0, index=3): {'congruent': 1, 'word': u'green', 'corrAns': u'down', 'letterColor': u'green'}
42.5814 	EXP 	text: autoDraw = False
42.5814 	EXP 	text: color = u'green (named)'
42.5814 	EXP 	text: text = u'green'
43.0836 	EXP 	window1: blendMode = 'avg'
43.0976 	EXP 	text: autoDraw = True
43.0991 	EXP 	window1: blendMode = 'avg'
43.1159 	EXP 	window1: blendMode = 'avg'
43.1324 	EXP 	window1: blendMode = 'avg'
43.1492 	EXP 	window1: blendMode = 'avg'
43.1657 	EXP 	window1: blendMode = 'avg'
43.1821 	EXP 	window1: blendMode = 'avg'
43.1993 	EXP 	window1: blendMode = 'avg'
43.2167 	EXP 	window1: blendMode = 'avg'
43.2323 	EXP 	window1: blendMode = 'avg'
43.2491 	EXP 	window1: blendMode = 'avg'
43.2651 	EXP 	window1: blendMode = 'avg'
43.2824 	EXP 	window1: blendMode = 'avg'
43.2993 	EXP 	window1: blendMode = 'avg'
43.3158 	EXP 	window1: blendMode = 'avg'
43.3323 	EXP 	window1: blendMode = 'avg'
43.3492 	EXP 	window1: blendMode = 'avg'
43.3655 	EXP 	window1: blendMode = 'avg'
43.3824 	EXP 	window1: blendMode = 'avg'
43.3990 	EXP 	window1: blendMode = 'avg'
43.4163 	EXP 	window1: blendMode = 'avg'
43.4323 	EXP 	window1: blendMode = 'avg'
43.4492 	EXP 	window1: blendMode = 'avg'
43.4656 	EXP 	window1: blendMode = 'avg'
43.4829 	EXP 	window1: blendMode = 'avg'
43.4990 	EXP 	window1: blendMode = 'avg'
43.5158 	EXP 	window1: blendMode = 'avg'
43.5323 	EXP 	window1: blendMode = 'avg'
43.5491 	EXP 	window1: blendMode = 'avg'
43.5656 	EXP 	window1: blendMode = 'avg'
43.5824 	EXP 	window1: blendMode = 'avg'
43.5990 	EXP 	window1: blendMode = 'avg'
43.6159 	EXP 	window1: blendMode = 'avg'
43.6323 	EXP 	window1: blendMode = 'avg'
43.6492 	EXP 	window1: blendMode = 'avg'
43.6656 	EXP 	window1: blendMode = 'avg'
43.6825 	EXP 	window1: blendMode = 'avg'
43.6991 	EXP 	window1: blendMode = 'avg'
43.7157 	EXP 	window1: blendMode = 'avg'
43.7329 	DATA 	Keypress: down
43.7346 	EXP 	New trial (rep=0, index=4): {'congruent': 0, 'word': u'green', 'corrAns': u'right', 'letterColor': u'blue'}
43.7478 	EXP 	text: autoDraw = False
43.7478 	EXP 	text: color = u'blue (named)'
43.7478 	EXP 	text: text = u'green'
44.2496 	EXP 	window1: blendMode = 'avg'
44.2644 	EXP 	text: autoDraw = True
44.2660 	EXP 	window1: blendMode = 'avg'
44.2825 	EXP 	window1: blendMode = 'avg'
44.2992 	EXP 	window1: blendMode = 'avg'
44.3161 	EXP 	window1: blendMode = 'avg'
44.3324 	EXP 	window1: blendMode = 'avg'
44.3493 	EXP 	window1: blendMode = 'avg'
44.3659 	EXP 	window1: blendMode = 'avg'
44.3826 	EXP 	window1: blendMode = 'avg'
44.3992 	EXP 	window1: blendMode = 'avg'
44.4164 	EXP 	window1: blendMode = 'avg'
44.4325 	EXP 	window1: blendMode = 'avg'
44.4495 	EXP 	window1: blendMode = 'avg'
44.4659 	EXP 	window1: blendMode = 'avg'
44.4828 	EXP 	window1: blendMode = 'avg'
44.4993 	EXP 	window1: blendMode = 'avg'
44.5162 	EXP 	window1: blendMode = 'avg'
44.5324 	EXP 	window1: blendMode = 'avg'
44.5493 	EXP 	window1: blendMode = 'avg'
44.5665 	EXP 	window1: blendMode = 'avg'
44.5826 	EXP 	window1: blendMode = 'avg'
44.5992 	EXP 	window1: blendMode = 'avg'
44.6160 	EXP 	window1: blendMode = 'avg'
44.6325 	EXP 	window1: blendMode = 'avg'
44.6493 	EXP 	window1: blendMode = 'avg'
44.6659 	EXP 	window1: blendMode = 'avg'
44.6829 	EXP 	window1: blendMode = 'avg'
44.6994 	EXP 	window1: blendMode = 'avg'
44.7161 	EXP 	window1: blendMode = 'avg'
44.7325 	EXP 	window1: blendMode = 'avg'
44.7493 	EXP 	window1: blendMode = 'avg'
44.7659 	EXP 	window1: blendMode = 'avg'
44.7827 	EXP 	window1: blendMode = 'avg'
44.7992 	EXP 	window1: blendMode = 'avg'
44.8160 	EXP 	window1: blendMode = 'avg'
44.8326 	EXP 	window1: blendMode = 'avg'
44.8493 	EXP 	window1: blendMode = 'avg'
44.8658 	EXP 	window1: blendMode = 'avg'
44.8827 	EXP 	window1: blendMode = 'avg'
44.8993 	EXP 	window1: blendMode = 'avg'
44.9160 	EXP 	window1: blendMode = 'avg'
44.9325 	EXP 	window1: blendMode = 'avg'
44.9493 	EXP 	window1: blendMode = 'avg'
44.9659 	EXP 	window1: blendMode = 'avg'
44.9832 	EXP 	window1: blendMode = 'avg'
44.9992 	EXP 	window1: blendMode = 'avg'
45.0161 	EXP 	window1: blendMode = 'avg'
45.0325 	EXP 	window1: blendMode = 'avg'
45.0494 	EXP 	window1: blendMode = 'avg'
45.0659 	EXP 	window1: blendMode = 'avg'
45.0827 	EXP 	window1: blendMode = 'avg'
45.0995 	EXP 	window1: blendMode = 'avg'
45.1160 	EXP 	window1: blendMode = 'avg'
45.1328 	DATA 	Keypress: right
45.1344 	EXP 	New trial (rep=0, index=5): {'congruent': 0, 'word': u'blue', 'corrAns': u'left', 'letterColor': u'red'}
45.1480 	EXP 	text: autoDraw = False
45.1480 	EXP 	text: color = u'red (named)'
45.1480 	EXP 	text: text = u'blue'
45.6504 	EXP 	window1: blendMode = 'avg'
45.6645 	EXP 	text: autoDraw = True
45.6659 	EXP 	window1: blendMode = 'avg'
45.6827 	EXP 	window1: blendMode = 'avg'
45.6994 	EXP 	window1: blendMode = 'avg'
45.7165 	EXP 	window1: blendMode = 'avg'
45.7327 	EXP 	window1: blendMode = 'avg'
45.7496 	EXP 	window1: blendMode = 'avg'
45.7660 	EXP 	window1: blendMode = 'avg'
45.7829 	EXP 	window1: blendMode = 'avg'
45.7993 	EXP 	window1: blendMode = 'avg'
45.8161 	EXP 	window1: blendMode = 'avg'
45.8327 	EXP 	window1: blendMode = 'avg'
45.8495 	EXP 	window1: blendMode = 'avg'
45.8662 	EXP 	window1: blendMode = 'avg'
45.8828 	EXP 	window1: blendMode = 'avg'
45.8994 	EXP 	window1: blendMode = 'avg'
45.9162 	EXP 	window1: blendMode = 'avg'
45.9327 	EXP 	window1: blendMode = 'avg'
45.9494 	EXP 	window1: blendMode = 'avg'
45.9660 	EXP 	window1: blendMode = 'avg'
45.9828 	EXP 	window1: blendMode = 'avg'
45.9993 	EXP 	window1: blendMode = 'avg'
46.0162 	EXP 	window1: blendMode = 'avg'
46.0329 	EXP 	window1: blendMode = 'avg'
46.0497 	EXP 	window1: blendMode = 'avg'
46.0661 	EXP 	window1: blendMode = 'avg'
46.0828 	EXP 	window1: blendMode = 'avg'
46.0993 	EXP 	window1: blendMode = 'avg'
46.1161 	EXP 	window1: blendMode = 'avg'
46.1334 	EXP 	window1: blendMode = 'avg'
46.1496 	EXP 	window1: blendMode = 'avg'
46.1662 	EXP 	window1: blendMode = 'avg'
46.1827 	EXP 	window1: blendMode = 'avg'
46.1993 	EXP 	window1: blendMode = 'avg'
46.2164 	EXP 	window1: blendMode = 'avg'
46.2326 	EXP 	window1: blendMode = 'avg'
46.2496 	EXP 	window1: blendMode = 'avg'
46.2660 	EXP 	window1: blendMode = 'avg'
46.2832 	DATA 	Keypress: left
46.3355 	EXP 	window1: mouseVisible = True
