8.0632 	EXP 	Created window1 = Window(allowGUI=False, allowStencil=False, autoLog=True, bitsMode=UNKNOWN, blendMode='avg', color=array([ 0.,  0.,  0.]), colorSpace='rgb', fullscr=UNKNOWN, gamma=None, lms=UNKNOWN, monitor=<psychopy.monitors.calibTools.Monitor object at 0x113258c10>, multiSample=False, name='window1', numSamples=2, pos=[0, 0], screen=0, size=array([1920, 1080]), stereo=False, units=u'norm', useFBO=True, useRetina=False, viewOri=0.0, viewPos=None, viewScale=None, waitBlanking=True, winType='pyglet')
8.0633 	EXP 	window1: recordFrameIntervals = False
8.2277 	EXP 	window1: recordFrameIntervals = True
8.4115 	EXP 	window1: recordFrameIntervals = False
8.5189 	EXP 	Created text = TextStim(alignHoriz='center', alignVert='center', antialias=True, autoLog=True, bold=False, color=array([ 1.,  1.,  1.]), colorSpace='rgb', contrast=1.0, depth=0.0, flipHoriz=False, flipVert=False, font=u'Arial', fontFiles=[], height=0.1, italic=False, name='text', opacity=1.0, ori=0, pos=array([ 0.,  0.]), rgb=array([ 1.,  1.,  1.]), text=u'default text', units=u'norm', win=Window(...), wrapWidth=1)
8.5256 	EXP 	Imported brk_conditions.xlsx as conditions, 29 conditions, 2 params
8.5265 	EXP 	Created sequence: sequential, trialTypes=29, nReps=1, seed=None
8.5271 	EXP 	New trial (rep=0, index=0): {'color': u'green', 'word': u'blue'}
8.5446 	EXP 	text: color = u'green (named)'
8.5446 	EXP 	text: text = u'blue'
9.0342 	EXP 	window1: blendMode = 'avg'
9.0444 	EXP 	text: autoDraw = True
9.0460 	EXP 	window1: blendMode = 'avg'
9.0626 	EXP 	window1: blendMode = 'avg'
9.0794 	EXP 	window1: blendMode = 'avg'
9.0959 	EXP 	window1: blendMode = 'avg'
9.1126 	EXP 	window1: blendMode = 'avg'
9.1293 	EXP 	window1: blendMode = 'avg'
9.1460 	EXP 	window1: blendMode = 'avg'
9.1625 	EXP 	window1: blendMode = 'avg'
9.1804 	EXP 	window1: blendMode = 'avg'
9.1961 	EXP 	window1: blendMode = 'avg'
9.2130 	EXP 	window1: blendMode = 'avg'
9.2298 	EXP 	window1: blendMode = 'avg'
9.2460 	EXP 	window1: blendMode = 'avg'
9.2639 	EXP 	window1: blendMode = 'avg'
9.2791 	EXP 	window1: blendMode = 'avg'
9.2973 	EXP 	window1: blendMode = 'avg'
9.3125 	EXP 	window1: blendMode = 'avg'
9.3291 	EXP 	window1: blendMode = 'avg'
9.3473 	EXP 	window1: blendMode = 'avg'
9.3641 	EXP 	window1: blendMode = 'avg'
9.3800 	EXP 	window1: blendMode = 'avg'
9.3959 	EXP 	window1: blendMode = 'avg'
9.4126 	EXP 	window1: blendMode = 'avg'
9.4294 	EXP 	window1: blendMode = 'avg'
9.4460 	EXP 	window1: blendMode = 'avg'
9.4641 	EXP 	window1: blendMode = 'avg'
9.4804 	EXP 	window1: blendMode = 'avg'
9.4969 	EXP 	window1: blendMode = 'avg'
9.5128 	EXP 	window1: blendMode = 'avg'
9.5294 	EXP 	window1: blendMode = 'avg'
9.5461 	EXP 	window1: blendMode = 'avg'
9.5658 	DATA 	Keypress: left
9.5675 	EXP 	New trial (rep=0, index=1): {'color': u'green', 'word': u'red'}
9.5937 	EXP 	text: autoDraw = False
9.5937 	EXP 	text: color = u'green (named)'
9.5937 	EXP 	text: text = u'red'
10.0801 	EXP 	window1: blendMode = 'avg'
10.0943 	EXP 	text: autoDraw = True
10.0961 	EXP 	window1: blendMode = 'avg'
10.1127 	EXP 	window1: blendMode = 'avg'
10.1294 	EXP 	window1: blendMode = 'avg'
10.1464 	EXP 	window1: blendMode = 'avg'
10.1634 	EXP 	window1: blendMode = 'avg'
10.1792 	EXP 	window1: blendMode = 'avg'
10.1958 	EXP 	window1: blendMode = 'avg'
10.2129 	EXP 	window1: blendMode = 'avg'
10.2295 	EXP 	window1: blendMode = 'avg'
10.2460 	EXP 	window1: blendMode = 'avg'
10.2638 	EXP 	window1: blendMode = 'avg'
10.2792 	EXP 	window1: blendMode = 'avg'
10.2970 	EXP 	window1: blendMode = 'avg'
10.3126 	EXP 	window1: blendMode = 'avg'
10.3296 	EXP 	window1: blendMode = 'avg'
10.3460 	EXP 	window1: blendMode = 'avg'
10.3642 	DATA 	Keypress: left
10.3656 	EXP 	New trial (rep=0, index=2): {'color': u'blue', 'word': u'blue '}
10.3938 	EXP 	text: autoDraw = False
10.3938 	EXP 	text: color = u'blue (named)'
10.3938 	EXP 	text: text = u'blue '
10.8810 	EXP 	window1: blendMode = 'avg'
10.8942 	EXP 	text: autoDraw = True
10.8954 	EXP 	window1: blendMode = 'avg'
10.9125 	EXP 	window1: blendMode = 'avg'
10.9302 	EXP 	window1: blendMode = 'avg'
10.9459 	EXP 	window1: blendMode = 'avg'
10.9634 	EXP 	window1: blendMode = 'avg'
10.9792 	EXP 	window1: blendMode = 'avg'
10.9959 	EXP 	window1: blendMode = 'avg'
11.0125 	EXP 	window1: blendMode = 'avg'
11.0295 	EXP 	window1: blendMode = 'avg'
11.0458 	EXP 	window1: blendMode = 'avg'
11.0634 	EXP 	window1: blendMode = 'avg'
11.0806 	EXP 	window1: blendMode = 'avg'
11.0972 	EXP 	window1: blendMode = 'avg'
11.1126 	EXP 	window1: blendMode = 'avg'
11.1293 	EXP 	window1: blendMode = 'avg'
11.1474 	EXP 	window1: blendMode = 'avg'
11.1630 	EXP 	window1: blendMode = 'avg'
11.1809 	DATA 	Keypress: left
11.1822 	EXP 	New trial (rep=0, index=3): {'color': u'red', 'word': u'green'}
11.2104 	EXP 	text: autoDraw = False
11.2104 	EXP 	text: color = u'red (named)'
11.2104 	EXP 	text: text = u'green'
11.7123 	EXP 	window1: blendMode = 'avg'
11.7291 	EXP 	text: autoDraw = True
11.7305 	EXP 	window1: blendMode = 'avg'
11.7470 	EXP 	window1: blendMode = 'avg'
11.7635 	EXP 	window1: blendMode = 'avg'
11.7802 	EXP 	window1: blendMode = 'avg'
11.7970 	EXP 	window1: blendMode = 'avg'
11.8126 	EXP 	window1: blendMode = 'avg'
11.8302 	EXP 	window1: blendMode = 'avg'
11.8460 	EXP 	window1: blendMode = 'avg'
11.8634 	EXP 	window1: blendMode = 'avg'
11.8801 	EXP 	window1: blendMode = 'avg'
11.8968 	EXP 	window1: blendMode = 'avg'
11.9126 	EXP 	window1: blendMode = 'avg'
11.9303 	EXP 	window1: blendMode = 'avg'
11.9459 	EXP 	window1: blendMode = 'avg'
11.9625 	EXP 	window1: blendMode = 'avg'
11.9798 	EXP 	window1: blendMode = 'avg'
11.9969 	EXP 	window1: blendMode = 'avg'
12.0127 	EXP 	window1: blendMode = 'avg'
12.0293 	EXP 	window1: blendMode = 'avg'
12.0459 	EXP 	window1: blendMode = 'avg'
12.0626 	EXP 	window1: blendMode = 'avg'
12.0800 	DATA 	Keypress: left
12.0814 	EXP 	New trial (rep=0, index=4): {'color': u'blue', 'word': u'green '}
12.1104 	EXP 	text: autoDraw = False
12.1104 	EXP 	text: color = u'blue (named)'
12.1104 	EXP 	text: text = u'green '
12.5982 	EXP 	window1: blendMode = 'avg'
12.6110 	EXP 	text: autoDraw = True
12.6121 	EXP 	window1: blendMode = 'avg'
12.6292 	EXP 	window1: blendMode = 'avg'
12.6457 	EXP 	window1: blendMode = 'avg'
12.6628 	EXP 	window1: blendMode = 'avg'
12.6804 	EXP 	window1: blendMode = 'avg'
12.7135 	EXP 	window1: blendMode = 'avg'
12.7297 	EXP 	window1: blendMode = 'avg'
12.7473 	EXP 	window1: blendMode = 'avg'
12.7626 	EXP 	window1: blendMode = 'avg'
12.7794 	EXP 	window1: blendMode = 'avg'
12.7958 	EXP 	window1: blendMode = 'avg'
12.8126 	EXP 	window1: blendMode = 'avg'
12.8304 	EXP 	window1: blendMode = 'avg'
12.8460 	EXP 	window1: blendMode = 'avg'
12.8633 	EXP 	window1: blendMode = 'avg'
12.8796 	EXP 	window1: blendMode = 'avg'
12.8967 	EXP 	window1: blendMode = 'avg'
12.9132 	DATA 	Keypress: left
12.9146 	EXP 	New trial (rep=0, index=5): {'color': u'green', 'word': u'green'}
12.9438 	EXP 	text: autoDraw = False
12.9438 	EXP 	text: color = u'green (named)'
12.9438 	EXP 	text: text = u'green'
13.4309 	EXP 	window1: blendMode = 'avg'
13.4452 	EXP 	text: autoDraw = True
13.4465 	EXP 	window1: blendMode = 'avg'
13.4628 	EXP 	window1: blendMode = 'avg'
13.4793 	EXP 	window1: blendMode = 'avg'
13.4970 	EXP 	window1: blendMode = 'avg'
13.5127 	EXP 	window1: blendMode = 'avg'
13.5299 	EXP 	window1: blendMode = 'avg'
13.5460 	EXP 	window1: blendMode = 'avg'
13.5627 	EXP 	window1: blendMode = 'avg'
13.5797 	EXP 	window1: blendMode = 'avg'
13.5960 	EXP 	window1: blendMode = 'avg'
13.6126 	EXP 	window1: blendMode = 'avg'
13.6295 	EXP 	window1: blendMode = 'avg'
13.6473 	EXP 	window1: blendMode = 'avg'
13.6625 	EXP 	window1: blendMode = 'avg'
13.6966 	EXP 	window1: blendMode = 'avg'
13.7301 	EXP 	window1: blendMode = 'avg'
13.7476 	EXP 	window1: blendMode = 'avg'
13.7645 	DATA 	Keypress: left
13.7659 	EXP 	New trial (rep=0, index=6): {'color': u'red', 'word': u'red'}
13.7940 	EXP 	text: autoDraw = False
13.7940 	EXP 	text: color = u'red (named)'
13.7940 	EXP 	text: text = u'red'
14.2810 	EXP 	window1: blendMode = 'avg'
14.2952 	EXP 	text: autoDraw = True
14.2967 	EXP 	window1: blendMode = 'avg'
14.3123 	EXP 	window1: blendMode = 'avg'
14.3299 	EXP 	window1: blendMode = 'avg'
14.3467 	EXP 	window1: blendMode = 'avg'
14.3635 	EXP 	window1: blendMode = 'avg'
14.3794 	EXP 	window1: blendMode = 'avg'
14.3970 	EXP 	window1: blendMode = 'avg'
14.4130 	EXP 	window1: blendMode = 'avg'
14.4301 	EXP 	window1: blendMode = 'avg'
14.4468 	EXP 	window1: blendMode = 'avg'
14.4640 	EXP 	window1: blendMode = 'avg'
14.4813 	EXP 	window1: blendMode = 'avg'
14.4964 	EXP 	window1: blendMode = 'avg'
14.5131 	EXP 	window1: blendMode = 'avg'
14.5291 	DATA 	Keypress: left
14.5301 	EXP 	New trial (rep=0, index=7): {'color': u'red', 'word': u'blue'}
14.5454 	EXP 	text: autoDraw = False
14.5454 	EXP 	text: color = u'red (named)'
14.5454 	EXP 	text: text = u'blue'
15.0472 	EXP 	window1: blendMode = 'avg'
15.0613 	EXP 	text: autoDraw = True
15.0630 	EXP 	window1: blendMode = 'avg'
15.0794 	EXP 	window1: blendMode = 'avg'
15.0961 	EXP 	window1: blendMode = 'avg'
15.1130 	EXP 	window1: blendMode = 'avg'
15.1295 	EXP 	window1: blendMode = 'avg'
15.1461 	EXP 	window1: blendMode = 'avg'
15.1628 	EXP 	window1: blendMode = 'avg'
15.1798 	EXP 	window1: blendMode = 'avg'
15.1964 	EXP 	window1: blendMode = 'avg'
15.2131 	EXP 	window1: blendMode = 'avg'
15.2305 	EXP 	window1: blendMode = 'avg'
15.2460 	EXP 	window1: blendMode = 'avg'
15.2629 	EXP 	window1: blendMode = 'avg'
15.2795 	EXP 	window1: blendMode = 'avg'
15.2961 	EXP 	window1: blendMode = 'avg'
15.3138 	EXP 	window1: blendMode = 'avg'
15.3311 	EXP 	window1: blendMode = 'avg'
15.3461 	EXP 	window1: blendMode = 'avg'
15.3627 	EXP 	window1: blendMode = 'avg'
15.3794 	EXP 	window1: blendMode = 'avg'
15.3963 	EXP 	window1: blendMode = 'avg'
15.4129 	EXP 	window1: blendMode = 'avg'
15.4148 	DATA 	Keypress: left
15.4307 	EXP 	New trial (rep=0, index=8): {'color': u'blue', 'word': u'red'}
15.4446 	EXP 	text: autoDraw = False
15.4446 	EXP 	text: color = u'blue (named)'
15.4446 	EXP 	text: text = u'red'
15.9350 	EXP 	window1: blendMode = 'avg'
15.9503 	EXP 	text: autoDraw = True
15.9516 	EXP 	window1: blendMode = 'avg'
15.9684 	EXP 	window1: blendMode = 'avg'
15.9861 	EXP 	window1: blendMode = 'avg'
16.0037 	EXP 	window1: blendMode = 'avg'
16.0297 	EXP 	window1: blendMode = 'avg'
16.0461 	EXP 	window1: blendMode = 'avg'
16.0638 	EXP 	window1: blendMode = 'avg'
16.0798 	EXP 	window1: blendMode = 'avg'
16.0970 	EXP 	window1: blendMode = 'avg'
16.1126 	EXP 	window1: blendMode = 'avg'
16.1292 	EXP 	window1: blendMode = 'avg'
16.1458 	EXP 	window1: blendMode = 'avg'
16.1629 	EXP 	window1: blendMode = 'avg'
16.1795 	EXP 	window1: blendMode = 'avg'
16.1963 	EXP 	window1: blendMode = 'avg'
16.2129 	EXP 	window1: blendMode = 'avg'
16.2301 	EXP 	window1: blendMode = 'avg'
16.2468 	EXP 	window1: blendMode = 'avg'
16.2637 	EXP 	window1: blendMode = 'avg'
16.2814 	EXP 	window1: blendMode = 'avg'
16.2972 	EXP 	window1: blendMode = 'avg'
16.3137 	DATA 	Keypress: left
16.3150 	EXP 	New trial (rep=0, index=9): {'color': u'white', 'word': u'BreakTime'}
16.3439 	EXP 	text: autoDraw = False
16.3439 	EXP 	text: color = u'white (named)'
16.3439 	EXP 	text: text = u'BreakTime'
16.8301 	EXP 	window1: blendMode = 'avg'
16.8446 	EXP 	text: autoDraw = True
16.8462 	EXP 	window1: blendMode = 'avg'
16.8631 	EXP 	window1: blendMode = 'avg'
16.8811 	EXP 	window1: blendMode = 'avg'
16.8969 	EXP 	window1: blendMode = 'avg'
16.9126 	EXP 	window1: blendMode = 'avg'
16.9295 	EXP 	window1: blendMode = 'avg'
16.9459 	EXP 	window1: blendMode = 'avg'
16.9627 	EXP 	window1: blendMode = 'avg'
16.9793 	EXP 	window1: blendMode = 'avg'
16.9961 	EXP 	window1: blendMode = 'avg'
17.0128 	EXP 	window1: blendMode = 'avg'
17.0297 	EXP 	window1: blendMode = 'avg'
17.0463 	EXP 	window1: blendMode = 'avg'
17.0629 	EXP 	window1: blendMode = 'avg'
17.0798 	EXP 	window1: blendMode = 'avg'
17.0966 	EXP 	window1: blendMode = 'avg'
17.1126 	EXP 	window1: blendMode = 'avg'
17.1299 	EXP 	window1: blendMode = 'avg'
17.1485 	EXP 	window1: blendMode = 'avg'
17.1635 	EXP 	window1: blendMode = 'avg'
17.1794 	EXP 	window1: blendMode = 'avg'
17.1976 	EXP 	window1: blendMode = 'avg'
17.2134 	EXP 	window1: blendMode = 'avg'
17.2295 	EXP 	window1: blendMode = 'avg'
17.2462 	EXP 	window1: blendMode = 'avg'
17.2629 	EXP 	window1: blendMode = 'avg'
17.2808 	EXP 	window1: blendMode = 'avg'
17.2971 	EXP 	window1: blendMode = 'avg'
17.3127 	EXP 	window1: blendMode = 'avg'
17.3293 	EXP 	window1: blendMode = 'avg'
17.3461 	EXP 	window1: blendMode = 'avg'
17.3628 	EXP 	window1: blendMode = 'avg'
17.3816 	EXP 	window1: blendMode = 'avg'
17.3962 	EXP 	window1: blendMode = 'avg'
17.4141 	EXP 	window1: blendMode = 'avg'
17.4297 	EXP 	window1: blendMode = 'avg'
17.4462 	EXP 	window1: blendMode = 'avg'
17.4626 	EXP 	window1: blendMode = 'avg'
17.4795 	EXP 	window1: blendMode = 'avg'
17.4961 	EXP 	window1: blendMode = 'avg'
17.5130 	EXP 	window1: blendMode = 'avg'
17.5296 	EXP 	window1: blendMode = 'avg'
17.5465 	EXP 	window1: blendMode = 'avg'
17.5635 	EXP 	window1: blendMode = 'avg'
17.5795 	EXP 	window1: blendMode = 'avg'
17.5974 	EXP 	window1: blendMode = 'avg'
17.6136 	EXP 	window1: blendMode = 'avg'
17.6304 	EXP 	window1: blendMode = 'avg'
17.6463 	EXP 	window1: blendMode = 'avg'
17.6631 	EXP 	window1: blendMode = 'avg'
17.6800 	EXP 	window1: blendMode = 'avg'
17.6968 	EXP 	window1: blendMode = 'avg'
17.7296 	EXP 	window1: blendMode = 'avg'
17.7509 	EXP 	window1: blendMode = 'avg'
17.7724 	EXP 	window1: blendMode = 'avg'
17.7955 	EXP 	window1: blendMode = 'avg'
17.8129 	EXP 	window1: blendMode = 'avg'
17.8294 	EXP 	window1: blendMode = 'avg'
17.8461 	EXP 	window1: blendMode = 'avg'
17.8626 	EXP 	window1: blendMode = 'avg'
17.8798 	EXP 	window1: blendMode = 'avg'
17.8964 	EXP 	window1: blendMode = 'avg'
17.9132 	EXP 	window1: blendMode = 'avg'
17.9297 	EXP 	window1: blendMode = 'avg'
17.9462 	EXP 	window1: blendMode = 'avg'
17.9640 	EXP 	window1: blendMode = 'avg'
17.9796 	EXP 	window1: blendMode = 'avg'
17.9964 	EXP 	window1: blendMode = 'avg'
18.0131 	EXP 	window1: blendMode = 'avg'
18.0299 	EXP 	window1: blendMode = 'avg'
18.0468 	EXP 	window1: blendMode = 'avg'
18.0630 	EXP 	window1: blendMode = 'avg'
18.0797 	EXP 	window1: blendMode = 'avg'
18.0963 	EXP 	window1: blendMode = 'avg'
18.1126 	EXP 	window1: blendMode = 'avg'
18.1294 	EXP 	window1: blendMode = 'avg'
18.1470 	EXP 	window1: blendMode = 'avg'
18.1627 	EXP 	window1: blendMode = 'avg'
18.1808 	EXP 	window1: blendMode = 'avg'
18.1961 	EXP 	window1: blendMode = 'avg'
18.2130 	EXP 	window1: blendMode = 'avg'
18.2299 	EXP 	window1: blendMode = 'avg'
18.2466 	EXP 	window1: blendMode = 'avg'
18.2635 	EXP 	window1: blendMode = 'avg'
18.2797 	EXP 	window1: blendMode = 'avg'
18.2962 	EXP 	window1: blendMode = 'avg'
18.3127 	EXP 	window1: blendMode = 'avg'
18.3297 	EXP 	window1: blendMode = 'avg'
18.3463 	EXP 	window1: blendMode = 'avg'
18.3643 	EXP 	window1: blendMode = 'avg'
18.3802 	EXP 	window1: blendMode = 'avg'
18.3970 	EXP 	window1: blendMode = 'avg'
18.4134 	EXP 	window1: blendMode = 'avg'
18.4295 	EXP 	window1: blendMode = 'avg'
18.4464 	EXP 	window1: blendMode = 'avg'
18.4645 	EXP 	window1: blendMode = 'avg'
18.4668 	DATA 	Keypress: space
18.4800 	EXP 	New trial (rep=0, index=10): {'color': u'green', 'word': u'blue'}
18.4953 	EXP 	text: autoDraw = False
18.4953 	EXP 	text: color = u'green (named)'
18.4953 	EXP 	text: text = u'blue'
18.9978 	EXP 	window1: blendMode = 'avg'
19.0118 	EXP 	text: autoDraw = True
19.0133 	EXP 	window1: blendMode = 'avg'
19.0297 	EXP 	window1: blendMode = 'avg'
19.0468 	EXP 	window1: blendMode = 'avg'
19.0635 	EXP 	window1: blendMode = 'avg'
19.0796 	EXP 	window1: blendMode = 'avg'
19.0971 	EXP 	window1: blendMode = 'avg'
19.1132 	EXP 	window1: blendMode = 'avg'
19.1301 	EXP 	window1: blendMode = 'avg'
19.1464 	EXP 	window1: blendMode = 'avg'
19.1639 	EXP 	window1: blendMode = 'avg'
19.1802 	EXP 	window1: blendMode = 'avg'
19.1969 	EXP 	window1: blendMode = 'avg'
19.2134 	EXP 	window1: blendMode = 'avg'
19.2305 	EXP 	window1: blendMode = 'avg'
19.2471 	EXP 	window1: blendMode = 'avg'
19.2630 	EXP 	window1: blendMode = 'avg'
19.2800 	EXP 	window1: blendMode = 'avg'
19.2968 	EXP 	window1: blendMode = 'avg'
19.3135 	EXP 	window1: blendMode = 'avg'
19.3310 	EXP 	window1: blendMode = 'avg'
19.3462 	EXP 	window1: blendMode = 'avg'
19.3637 	EXP 	window1: blendMode = 'avg'
19.3802 	EXP 	window1: blendMode = 'avg'
19.3981 	EXP 	window1: blendMode = 'avg'
19.4133 	EXP 	window1: blendMode = 'avg'
19.4312 	EXP 	window1: blendMode = 'avg'
19.4466 	EXP 	window1: blendMode = 'avg'
19.4636 	EXP 	window1: blendMode = 'avg'
19.4801 	EXP 	window1: blendMode = 'avg'
19.4968 	EXP 	window1: blendMode = 'avg'
19.5135 	EXP 	window1: blendMode = 'avg'
19.5302 	EXP 	window1: blendMode = 'avg'
19.5462 	EXP 	window1: blendMode = 'avg'
19.5629 	EXP 	window1: blendMode = 'avg'
19.5794 	EXP 	window1: blendMode = 'avg'
19.5970 	EXP 	window1: blendMode = 'avg'
19.6137 	EXP 	window1: blendMode = 'avg'
19.6307 	EXP 	window1: blendMode = 'avg'
19.6461 	EXP 	window1: blendMode = 'avg'
19.6627 	EXP 	window1: blendMode = 'avg'
19.6970 	EXP 	window1: blendMode = 'avg'
19.7295 	EXP 	window1: blendMode = 'avg'
19.7462 	EXP 	window1: blendMode = 'avg'
19.7628 	EXP 	window1: blendMode = 'avg'
19.7793 	EXP 	window1: blendMode = 'avg'
19.7961 	EXP 	window1: blendMode = 'avg'
19.8129 	EXP 	window1: blendMode = 'avg'
19.8294 	EXP 	window1: blendMode = 'avg'
19.8472 	EXP 	window1: blendMode = 'avg'
19.8632 	EXP 	window1: blendMode = 'avg'
19.8801 	EXP 	window1: blendMode = 'avg'
19.8969 	EXP 	window1: blendMode = 'avg'
19.9128 	EXP 	window1: blendMode = 'avg'
19.9299 	EXP 	window1: blendMode = 'avg'
19.9472 	EXP 	window1: blendMode = 'avg'
19.9640 	EXP 	window1: blendMode = 'avg'
19.9795 	EXP 	window1: blendMode = 'avg'
19.9963 	EXP 	window1: blendMode = 'avg'
20.0137 	EXP 	window1: blendMode = 'avg'
20.0300 	EXP 	window1: blendMode = 'avg'
20.0467 	EXP 	window1: blendMode = 'avg'
20.0632 	EXP 	window1: blendMode = 'avg'
20.0806 	EXP 	window1: blendMode = 'avg'
20.0962 	EXP 	window1: blendMode = 'avg'
20.1132 	EXP 	window1: blendMode = 'avg'
20.1307 	EXP 	window1: blendMode = 'avg'
20.1461 	EXP 	window1: blendMode = 'avg'
20.1629 	EXP 	window1: blendMode = 'avg'
20.1807 	EXP 	window1: blendMode = 'avg'
20.1965 	EXP 	window1: blendMode = 'avg'
20.2137 	EXP 	window1: blendMode = 'avg'
20.2295 	EXP 	window1: blendMode = 'avg'
20.2463 	EXP 	window1: blendMode = 'avg'
20.2640 	EXP 	window1: blendMode = 'avg'
20.2795 	EXP 	window1: blendMode = 'avg'
20.2962 	EXP 	window1: blendMode = 'avg'
20.3130 	EXP 	window1: blendMode = 'avg'
20.3300 	EXP 	window1: blendMode = 'avg'
20.3462 	EXP 	window1: blendMode = 'avg'
20.3634 	EXP 	window1: blendMode = 'avg'
20.3802 	EXP 	window1: blendMode = 'avg'
20.3967 	EXP 	window1: blendMode = 'avg'
20.4138 	EXP 	window1: blendMode = 'avg'
20.4296 	EXP 	window1: blendMode = 'avg'
20.4468 	EXP 	window1: blendMode = 'avg'
20.4627 	EXP 	window1: blendMode = 'avg'
20.4807 	EXP 	window1: blendMode = 'avg'
20.4961 	EXP 	window1: blendMode = 'avg'
20.5127 	EXP 	window1: blendMode = 'avg'
20.5296 	EXP 	window1: blendMode = 'avg'
20.5463 	EXP 	window1: blendMode = 'avg'
20.5629 	EXP 	window1: blendMode = 'avg'
20.5797 	EXP 	window1: blendMode = 'avg'
20.5970 	EXP 	window1: blendMode = 'avg'
20.6127 	EXP 	window1: blendMode = 'avg'
20.6305 	EXP 	window1: blendMode = 'avg'
20.6462 	EXP 	window1: blendMode = 'avg'
20.6627 	EXP 	window1: blendMode = 'avg'
20.6797 	EXP 	window1: blendMode = 'avg'
20.6970 	EXP 	window1: blendMode = 'avg'
20.7298 	EXP 	window1: blendMode = 'avg'
20.7516 	EXP 	window1: blendMode = 'avg'
20.7684 	EXP 	window1: blendMode = 'avg'
20.7853 	EXP 	window1: blendMode = 'avg'
20.8025 	EXP 	window1: blendMode = 'avg'
20.8189 	EXP 	window1: blendMode = 'avg'
20.8369 	EXP 	window1: blendMode = 'avg'
20.8629 	EXP 	window1: blendMode = 'avg'
20.8793 	EXP 	window1: blendMode = 'avg'
20.8974 	EXP 	window1: blendMode = 'avg'
20.9128 	EXP 	window1: blendMode = 'avg'
20.9295 	EXP 	window1: blendMode = 'avg'
20.9475 	EXP 	window1: blendMode = 'avg'
20.9629 	EXP 	window1: blendMode = 'avg'
20.9955 	EXP 	text: autoDraw = False
23.1147 	DATA 	Keypress: escape
