17.7559 	EXP 	Created window1 = Window(allowGUI=False, allowStencil=False, autoLog=True, bitsMode=UNKNOWN, blendMode='avg', color=array([ 0.,  0.,  0.]), colorSpace='rgb', fullscr=UNKNOWN, gamma=None, lms=UNKNOWN, monitor=<psychopy.monitors.calibTools.Monitor object at 0x113358c50>, multiSample=False, name='window1', numSamples=2, pos=[0, 0], screen=0, size=array([1920, 1080]), stereo=False, units=u'norm', useFBO=True, useRetina=False, viewOri=0.0, viewPos=None, viewScale=None, waitBlanking=True, winType='pyglet')
17.7560 	EXP 	window1: recordFrameIntervals = False
17.9212 	EXP 	window1: recordFrameIntervals = True
18.1048 	EXP 	window1: recordFrameIntervals = False
18.3294 	EXP 	Created text = TextStim(alignHoriz='center', alignVert='center', antialias=True, autoLog=True, bold=False, color=array([ 1.,  1.,  1.]), colorSpace='rgb', contrast=1.0, depth=0.0, flipHoriz=False, flipVert=False, font=u'Arial', fontFiles=[], height=0.1, italic=False, name='text', opacity=1.0, ori=0, pos=array([ 0.,  0.]), rgb=array([ 1.,  1.,  1.]), text=u'default text', units=u'norm', win=Window(...), wrapWidth=1)
18.3365 	EXP 	Imported brk_conditions.xlsx as conditions, 29 conditions, 2 params
18.3373 	EXP 	Created sequence: random, trialTypes=29, nReps=1, seed=None
18.3379 	EXP 	New trial (rep=0, index=0): {'color': u'blue', 'word': u'green '}
18.3713 	EXP 	text: color = u'blue (named)'
18.3713 	EXP 	text: text = u'green '
18.8606 	EXP 	window1: blendMode = 'avg'
18.8711 	EXP 	text: autoDraw = True
18.8726 	EXP 	window1: blendMode = 'avg'
18.8894 	EXP 	window1: blendMode = 'avg'
18.9060 	EXP 	window1: blendMode = 'avg'
18.9233 	EXP 	window1: blendMode = 'avg'
18.9403 	EXP 	window1: blendMode = 'avg'
18.9567 	EXP 	window1: blendMode = 'avg'
18.9735 	EXP 	window1: blendMode = 'avg'
18.9901 	EXP 	window1: blendMode = 'avg'
19.0079 	EXP 	window1: blendMode = 'avg'
19.0227 	EXP 	window1: blendMode = 'avg'
19.0399 	EXP 	window1: blendMode = 'avg'
19.0565 	EXP 	window1: blendMode = 'avg'
19.0734 	EXP 	window1: blendMode = 'avg'
19.0898 	EXP 	window1: blendMode = 'avg'
19.1063 	EXP 	window1: blendMode = 'avg'
19.1230 	EXP 	window1: blendMode = 'avg'
19.1403 	EXP 	window1: blendMode = 'avg'
19.1560 	EXP 	window1: blendMode = 'avg'
19.1735 	EXP 	window1: blendMode = 'avg'
19.1898 	EXP 	window1: blendMode = 'avg'
19.2060 	EXP 	window1: blendMode = 'avg'
19.2233 	EXP 	window1: blendMode = 'avg'
19.2394 	EXP 	window1: blendMode = 'avg'
19.2560 	EXP 	window1: blendMode = 'avg'
19.2726 	EXP 	window1: blendMode = 'avg'
19.2894 	EXP 	window1: blendMode = 'avg'
19.3062 	EXP 	window1: blendMode = 'avg'
19.3226 	EXP 	window1: blendMode = 'avg'
19.3395 	EXP 	window1: blendMode = 'avg'
19.3562 	EXP 	window1: blendMode = 'avg'
19.3730 	EXP 	window1: blendMode = 'avg'
19.3894 	EXP 	window1: blendMode = 'avg'
19.4064 	EXP 	window1: blendMode = 'avg'
19.4229 	EXP 	window1: blendMode = 'avg'
19.4393 	EXP 	window1: blendMode = 'avg'
19.4560 	EXP 	window1: blendMode = 'avg'
19.4724 	EXP 	window1: blendMode = 'avg'
19.4894 	EXP 	window1: blendMode = 'avg'
19.5059 	EXP 	window1: blendMode = 'avg'
19.5226 	EXP 	window1: blendMode = 'avg'
19.5392 	EXP 	window1: blendMode = 'avg'
19.5732 	EXP 	window1: blendMode = 'avg'
19.6048 	EXP 	window1: blendMode = 'avg'
19.6235 	EXP 	window1: blendMode = 'avg'
19.6400 	EXP 	window1: blendMode = 'avg'
19.6559 	EXP 	window1: blendMode = 'avg'
19.6725 	EXP 	window1: blendMode = 'avg'
19.6891 	EXP 	window1: blendMode = 'avg'
19.7061 	EXP 	window1: blendMode = 'avg'
19.7227 	EXP 	window1: blendMode = 'avg'
19.7395 	EXP 	window1: blendMode = 'avg'
19.7561 	EXP 	window1: blendMode = 'avg'
19.7725 	EXP 	window1: blendMode = 'avg'
19.7899 	EXP 	window1: blendMode = 'avg'
19.8060 	EXP 	window1: blendMode = 'avg'
19.8229 	EXP 	window1: blendMode = 'avg'
19.8394 	EXP 	window1: blendMode = 'avg'
19.8563 	EXP 	window1: blendMode = 'avg'
19.8753 	DATA 	Keypress: left
19.8774 	EXP 	New trial (rep=0, index=1): {'color': u'red', 'word': u'blue'}
19.9046 	EXP 	text: autoDraw = False
19.9046 	EXP 	text: color = u'red (named)'
19.9046 	EXP 	text: text = u'blue'
20.3901 	EXP 	window1: blendMode = 'avg'
20.4046 	EXP 	text: autoDraw = True
20.4062 	EXP 	window1: blendMode = 'avg'
20.4228 	EXP 	window1: blendMode = 'avg'
20.4396 	EXP 	window1: blendMode = 'avg'
20.4562 	EXP 	window1: blendMode = 'avg'
20.4729 	EXP 	window1: blendMode = 'avg'
20.4894 	EXP 	window1: blendMode = 'avg'
20.5060 	EXP 	window1: blendMode = 'avg'
20.5227 	EXP 	window1: blendMode = 'avg'
20.5391 	EXP 	window1: blendMode = 'avg'
20.5893 	EXP 	window1: blendMode = 'avg'
20.6071 	EXP 	window1: blendMode = 'avg'
20.6235 	EXP 	window1: blendMode = 'avg'
20.6409 	EXP 	window1: blendMode = 'avg'
20.6574 	EXP 	window1: blendMode = 'avg'
20.6734 	EXP 	window1: blendMode = 'avg'
20.6901 	EXP 	window1: blendMode = 'avg'
20.7076 	EXP 	window1: blendMode = 'avg'
20.7241 	EXP 	window1: blendMode = 'avg'
20.7399 	EXP 	window1: blendMode = 'avg'
20.7578 	EXP 	window1: blendMode = 'avg'
20.7732 	EXP 	window1: blendMode = 'avg'
20.7909 	EXP 	window1: blendMode = 'avg'
20.8075 	EXP 	window1: blendMode = 'avg'
20.8248 	EXP 	window1: blendMode = 'avg'
20.8410 	EXP 	window1: blendMode = 'avg'
20.8567 	EXP 	window1: blendMode = 'avg'
20.8734 	EXP 	window1: blendMode = 'avg'
20.8902 	EXP 	window1: blendMode = 'avg'
20.9066 	EXP 	window1: blendMode = 'avg'
20.9243 	EXP 	window1: blendMode = 'avg'
20.9408 	EXP 	window1: blendMode = 'avg'
20.9574 	EXP 	window1: blendMode = 'avg'
20.9732 	EXP 	window1: blendMode = 'avg'
20.9901 	DATA 	Keypress: left
20.9915 	EXP 	New trial (rep=0, index=2): {'color': u'blue', 'word': u'red'}
21.0213 	EXP 	text: autoDraw = False
21.0213 	EXP 	text: color = u'blue (named)'
21.0213 	EXP 	text: text = u'red'
21.5070 	EXP 	window1: blendMode = 'avg'
21.5212 	EXP 	text: autoDraw = True
21.5230 	EXP 	window1: blendMode = 'avg'
21.5395 	EXP 	window1: blendMode = 'avg'
21.5886 	EXP 	window1: blendMode = 'avg'
21.6057 	EXP 	window1: blendMode = 'avg'
21.6227 	EXP 	window1: blendMode = 'avg'
21.6393 	EXP 	window1: blendMode = 'avg'
21.6560 	EXP 	window1: blendMode = 'avg'
21.6727 	EXP 	window1: blendMode = 'avg'
21.6894 	EXP 	window1: blendMode = 'avg'
21.7064 	EXP 	window1: blendMode = 'avg'
21.7226 	EXP 	window1: blendMode = 'avg'
21.7392 	EXP 	window1: blendMode = 'avg'
21.7560 	EXP 	window1: blendMode = 'avg'
21.7727 	EXP 	window1: blendMode = 'avg'
21.7893 	EXP 	window1: blendMode = 'avg'
21.8060 	EXP 	window1: blendMode = 'avg'
21.8231 	EXP 	window1: blendMode = 'avg'
21.8393 	EXP 	window1: blendMode = 'avg'
21.8562 	EXP 	window1: blendMode = 'avg'
21.8728 	EXP 	window1: blendMode = 'avg'
21.8894 	EXP 	window1: blendMode = 'avg'
21.9063 	EXP 	window1: blendMode = 'avg'
21.9226 	EXP 	window1: blendMode = 'avg'
21.9397 	EXP 	window1: blendMode = 'avg'
21.9562 	EXP 	window1: blendMode = 'avg'
21.9726 	EXP 	window1: blendMode = 'avg'
21.9894 	EXP 	window1: blendMode = 'avg'
22.0061 	EXP 	window1: blendMode = 'avg'
22.0226 	EXP 	window1: blendMode = 'avg'
22.0394 	EXP 	window1: blendMode = 'avg'
22.0559 	EXP 	window1: blendMode = 'avg'
22.0729 	EXP 	window1: blendMode = 'avg'
22.0893 	EXP 	window1: blendMode = 'avg'
22.1061 	EXP 	window1: blendMode = 'avg'
22.1230 	DATA 	Keypress: left
22.1244 	EXP 	New trial (rep=0, index=3): {'color': u'blue', 'word': u'red'}
22.1378 	EXP 	text: autoDraw = False
22.1378 	EXP 	text: color = u'blue (named)'
22.1378 	EXP 	text: text = u'red'
22.6397 	EXP 	window1: blendMode = 'avg'
22.6546 	EXP 	text: autoDraw = True
22.6561 	EXP 	window1: blendMode = 'avg'
22.6728 	EXP 	window1: blendMode = 'avg'
22.6893 	EXP 	window1: blendMode = 'avg'
22.7060 	EXP 	window1: blendMode = 'avg'
22.7230 	EXP 	window1: blendMode = 'avg'
22.7400 	EXP 	window1: blendMode = 'avg'
22.7560 	EXP 	window1: blendMode = 'avg'
22.7727 	EXP 	window1: blendMode = 'avg'
22.7894 	EXP 	window1: blendMode = 'avg'
22.8060 	EXP 	window1: blendMode = 'avg'
22.8227 	EXP 	window1: blendMode = 'avg'
22.8394 	EXP 	window1: blendMode = 'avg'
22.8560 	EXP 	window1: blendMode = 'avg'
22.8732 	EXP 	window1: blendMode = 'avg'
22.8894 	EXP 	window1: blendMode = 'avg'
22.9060 	EXP 	window1: blendMode = 'avg'
22.9227 	EXP 	window1: blendMode = 'avg'
22.9393 	EXP 	window1: blendMode = 'avg'
22.9563 	EXP 	window1: blendMode = 'avg'
22.9729 	EXP 	window1: blendMode = 'avg'
22.9894 	EXP 	window1: blendMode = 'avg'
23.0062 	EXP 	window1: blendMode = 'avg'
23.0227 	EXP 	window1: blendMode = 'avg'
23.0394 	EXP 	window1: blendMode = 'avg'
23.0560 	EXP 	window1: blendMode = 'avg'
23.0727 	EXP 	window1: blendMode = 'avg'
23.0894 	EXP 	window1: blendMode = 'avg'
23.1060 	EXP 	window1: blendMode = 'avg'
23.1230 	EXP 	window1: blendMode = 'avg'
23.1394 	EXP 	window1: blendMode = 'avg'
23.1560 	EXP 	window1: blendMode = 'avg'
23.1729 	EXP 	window1: blendMode = 'avg'
23.1892 	EXP 	window1: blendMode = 'avg'
23.2060 	EXP 	window1: blendMode = 'avg'
23.2228 	EXP 	window1: blendMode = 'avg'
23.2395 	EXP 	window1: blendMode = 'avg'
23.2560 	EXP 	window1: blendMode = 'avg'
23.2727 	EXP 	window1: blendMode = 'avg'
23.2897 	EXP 	window1: blendMode = 'avg'
23.3061 	EXP 	window1: blendMode = 'avg'
23.3227 	EXP 	window1: blendMode = 'avg'
23.3396 	EXP 	window1: blendMode = 'avg'
23.3562 	EXP 	window1: blendMode = 'avg'
23.3727 	EXP 	window1: blendMode = 'avg'
23.3894 	EXP 	window1: blendMode = 'avg'
23.4056 	EXP 	window1: blendMode = 'avg'
23.4228 	EXP 	window1: blendMode = 'avg'
23.4396 	EXP 	window1: blendMode = 'avg'
23.4561 	EXP 	window1: blendMode = 'avg'
23.4730 	EXP 	window1: blendMode = 'avg'
23.4894 	EXP 	window1: blendMode = 'avg'
23.5063 	EXP 	window1: blendMode = 'avg'
23.5227 	EXP 	window1: blendMode = 'avg'
23.5397 	EXP 	window1: blendMode = 'avg'
23.5558 	EXP 	window1: blendMode = 'avg'
23.6053 	EXP 	window1: blendMode = 'avg'
23.6228 	EXP 	window1: blendMode = 'avg'
23.6394 	EXP 	window1: blendMode = 'avg'
23.6560 	EXP 	window1: blendMode = 'avg'
23.6725 	EXP 	window1: blendMode = 'avg'
23.6893 	EXP 	window1: blendMode = 'avg'
23.7059 	EXP 	window1: blendMode = 'avg'
23.7234 	EXP 	window1: blendMode = 'avg'
23.7394 	EXP 	window1: blendMode = 'avg'
23.7558 	EXP 	window1: blendMode = 'avg'
23.7725 	EXP 	window1: blendMode = 'avg'
23.7894 	EXP 	window1: blendMode = 'avg'
23.8060 	EXP 	window1: blendMode = 'avg'
23.8225 	EXP 	window1: blendMode = 'avg'
23.8393 	EXP 	window1: blendMode = 'avg'
23.8565 	EXP 	window1: blendMode = 'avg'
23.8747 	DATA 	Keypress: d
23.8764 	EXP 	window1: blendMode = 'avg'
23.8899 	EXP 	window1: blendMode = 'avg'
23.9059 	EXP 	window1: blendMode = 'avg'
23.9225 	EXP 	window1: blendMode = 'avg'
23.9393 	EXP 	window1: blendMode = 'avg'
23.9566 	EXP 	window1: blendMode = 'avg'
23.9725 	EXP 	window1: blendMode = 'avg'
23.9895 	EXP 	window1: blendMode = 'avg'
24.0059 	EXP 	window1: blendMode = 'avg'
24.0226 	EXP 	window1: blendMode = 'avg'
24.0393 	EXP 	window1: blendMode = 'avg'
24.0559 	EXP 	window1: blendMode = 'avg'
24.0729 	EXP 	window1: blendMode = 'avg'
24.0893 	EXP 	window1: blendMode = 'avg'
24.1059 	EXP 	window1: blendMode = 'avg'
24.1228 	EXP 	window1: blendMode = 'avg'
24.1393 	EXP 	window1: blendMode = 'avg'
24.1559 	EXP 	window1: blendMode = 'avg'
24.1725 	EXP 	window1: blendMode = 'avg'
24.1894 	EXP 	window1: blendMode = 'avg'
24.2057 	EXP 	window1: blendMode = 'avg'
24.2226 	EXP 	window1: blendMode = 'avg'
24.2393 	EXP 	window1: blendMode = 'avg'
24.2559 	EXP 	window1: blendMode = 'avg'
24.2726 	EXP 	window1: blendMode = 'avg'
24.2894 	EXP 	window1: blendMode = 'avg'
24.3060 	EXP 	window1: blendMode = 'avg'
24.3224 	EXP 	window1: blendMode = 'avg'
24.3393 	EXP 	window1: blendMode = 'avg'
24.3560 	EXP 	window1: blendMode = 'avg'
24.3726 	EXP 	window1: blendMode = 'avg'
24.3893 	EXP 	window1: blendMode = 'avg'
24.4060 	EXP 	window1: blendMode = 'avg'
24.4227 	EXP 	window1: blendMode = 'avg'
24.4394 	EXP 	window1: blendMode = 'avg'
24.4558 	EXP 	window1: blendMode = 'avg'
24.4729 	EXP 	window1: blendMode = 'avg'
24.4898 	EXP 	window1: blendMode = 'avg'
24.5061 	EXP 	window1: blendMode = 'avg'
24.5229 	EXP 	window1: blendMode = 'avg'
24.5393 	EXP 	window1: blendMode = 'avg'
24.5565 	EXP 	window1: blendMode = 'avg'
24.6052 	EXP 	window1: blendMode = 'avg'
24.6380 	EXP 	text: autoDraw = False
24.7245 	DATA 	Keypress: d
28.5732 	DATA 	Keypress: space
28.5747 	EXP 	New trial (rep=0, index=4): {'color': u'red', 'word': u'green'}
28.5881 	EXP 	text: autoDraw = False
28.5881 	EXP 	text: color = u'red (named)'
28.5881 	EXP 	text: text = u'green'
29.0910 	EXP 	window1: blendMode = 'avg'
29.1054 	EXP 	text: autoDraw = True
29.1071 	EXP 	window1: blendMode = 'avg'
29.1238 	EXP 	window1: blendMode = 'avg'
29.1409 	EXP 	window1: blendMode = 'avg'
29.1570 	EXP 	window1: blendMode = 'avg'
29.1730 	EXP 	window1: blendMode = 'avg'
29.1899 	EXP 	window1: blendMode = 'avg'
29.2078 	EXP 	window1: blendMode = 'avg'
29.2236 	EXP 	window1: blendMode = 'avg'
29.2402 	EXP 	window1: blendMode = 'avg'
29.2569 	EXP 	window1: blendMode = 'avg'
29.2731 	EXP 	window1: blendMode = 'avg'
29.2906 	DATA 	Keypress: left
29.2918 	EXP 	New trial (rep=0, index=5): {'color': u'red', 'word': u'red'}
29.3065 	EXP 	text: autoDraw = False
29.3065 	EXP 	text: color = u'red (named)'
29.3065 	EXP 	text: text = u'red'
29.8071 	EXP 	window1: blendMode = 'avg'
29.8226 	EXP 	text: autoDraw = True
29.8239 	EXP 	window1: blendMode = 'avg'
29.8400 	EXP 	window1: blendMode = 'avg'
29.8567 	EXP 	window1: blendMode = 'avg'
29.8734 	EXP 	window1: blendMode = 'avg'
29.8899 	EXP 	window1: blendMode = 'avg'
29.9074 	EXP 	window1: blendMode = 'avg'
29.9234 	EXP 	window1: blendMode = 'avg'
29.9409 	EXP 	window1: blendMode = 'avg'
29.9568 	EXP 	window1: blendMode = 'avg'
29.9735 	EXP 	window1: blendMode = 'avg'
29.9900 	EXP 	window1: blendMode = 'avg'
30.0067 	EXP 	window1: blendMode = 'avg'
30.0233 	EXP 	window1: blendMode = 'avg'
30.0402 	EXP 	window1: blendMode = 'avg'
30.0572 	EXP 	window1: blendMode = 'avg'
30.0730 	EXP 	window1: blendMode = 'avg'
30.0900 	EXP 	window1: blendMode = 'avg'
30.1070 	EXP 	window1: blendMode = 'avg'
30.1234 	EXP 	window1: blendMode = 'avg'
30.1399 	EXP 	window1: blendMode = 'avg'
30.1572 	EXP 	window1: blendMode = 'avg'
30.1734 	EXP 	window1: blendMode = 'avg'
30.1917 	DATA 	Keypress: left
30.1931 	EXP 	New trial (rep=0, index=6): {'color': u'red', 'word': u'green'}
30.2216 	EXP 	text: autoDraw = False
30.2216 	EXP 	text: color = u'red (named)'
30.2216 	EXP 	text: text = u'green'
30.7074 	EXP 	window1: blendMode = 'avg'
30.7220 	EXP 	text: autoDraw = True
30.7234 	EXP 	window1: blendMode = 'avg'
30.7399 	EXP 	window1: blendMode = 'avg'
30.7567 	EXP 	window1: blendMode = 'avg'
30.7734 	EXP 	window1: blendMode = 'avg'
30.7901 	EXP 	window1: blendMode = 'avg'
30.8067 	EXP 	window1: blendMode = 'avg'
30.8233 	EXP 	window1: blendMode = 'avg'
30.8406 	EXP 	window1: blendMode = 'avg'
30.8570 	EXP 	window1: blendMode = 'avg'
30.8735 	EXP 	window1: blendMode = 'avg'
30.8901 	EXP 	window1: blendMode = 'avg'
30.9068 	EXP 	window1: blendMode = 'avg'
30.9234 	EXP 	window1: blendMode = 'avg'
30.9399 	EXP 	window1: blendMode = 'avg'
30.9577 	EXP 	window1: blendMode = 'avg'
30.9734 	EXP 	window1: blendMode = 'avg'
30.9901 	EXP 	window1: blendMode = 'avg'
31.0069 	EXP 	window1: blendMode = 'avg'
31.0236 	EXP 	window1: blendMode = 'avg'
31.0400 	EXP 	window1: blendMode = 'avg'
31.0572 	EXP 	window1: blendMode = 'avg'
31.0738 	EXP 	window1: blendMode = 'avg'
31.0910 	EXP 	window1: blendMode = 'avg'
31.1068 	EXP 	window1: blendMode = 'avg'
31.1238 	EXP 	window1: blendMode = 'avg'
31.1399 	EXP 	window1: blendMode = 'avg'
31.1569 	EXP 	window1: blendMode = 'avg'
31.1746 	EXP 	window1: blendMode = 'avg'
31.1904 	EXP 	window1: blendMode = 'avg'
31.2070 	EXP 	window1: blendMode = 'avg'
31.2236 	EXP 	window1: blendMode = 'avg'
31.2405 	EXP 	window1: blendMode = 'avg'
31.2570 	EXP 	window1: blendMode = 'avg'
31.2737 	EXP 	window1: blendMode = 'avg'
31.2904 	EXP 	window1: blendMode = 'avg'
31.3071 	EXP 	window1: blendMode = 'avg'
31.3237 	EXP 	window1: blendMode = 'avg'
31.3403 	EXP 	window1: blendMode = 'avg'
31.3569 	EXP 	window1: blendMode = 'avg'
31.3746 	EXP 	window1: blendMode = 'avg'
31.3901 	EXP 	window1: blendMode = 'avg'
31.4069 	EXP 	window1: blendMode = 'avg'
31.4246 	EXP 	window1: blendMode = 'avg'
31.4403 	EXP 	window1: blendMode = 'avg'
31.4568 	EXP 	window1: blendMode = 'avg'
31.4745 	EXP 	window1: blendMode = 'avg'
31.4910 	EXP 	window1: blendMode = 'avg'
31.5077 	EXP 	window1: blendMode = 'avg'
31.5241 	EXP 	window1: blendMode = 'avg'
31.5404 	EXP 	window1: blendMode = 'avg'
31.5571 	EXP 	window1: blendMode = 'avg'
31.5895 	EXP 	window1: blendMode = 'avg'
31.6251 	EXP 	window1: blendMode = 'avg'
31.6412 	EXP 	window1: blendMode = 'avg'
31.6574 	EXP 	window1: blendMode = 'avg'
31.6737 	EXP 	window1: blendMode = 'avg'
31.6901 	EXP 	window1: blendMode = 'avg'
31.7068 	EXP 	window1: blendMode = 'avg'
31.7239 	EXP 	window1: blendMode = 'avg'
31.7404 	EXP 	window1: blendMode = 'avg'
31.7577 	EXP 	window1: blendMode = 'avg'
31.7734 	EXP 	window1: blendMode = 'avg'
31.7901 	EXP 	window1: blendMode = 'avg'
31.8068 	EXP 	window1: blendMode = 'avg'
31.8235 	EXP 	window1: blendMode = 'avg'
31.8406 	EXP 	window1: blendMode = 'avg'
31.8567 	EXP 	window1: blendMode = 'avg'
31.8735 	EXP 	window1: blendMode = 'avg'
31.8901 	EXP 	window1: blendMode = 'avg'
31.9068 	EXP 	window1: blendMode = 'avg'
31.9234 	EXP 	window1: blendMode = 'avg'
31.9402 	EXP 	window1: blendMode = 'avg'
31.9568 	EXP 	window1: blendMode = 'avg'
31.9735 	EXP 	window1: blendMode = 'avg'
31.9902 	EXP 	window1: blendMode = 'avg'
32.0129 	EXP 	window1: blendMode = 'avg'
32.0234 	EXP 	window1: blendMode = 'avg'
32.0405 	EXP 	window1: blendMode = 'avg'
32.0567 	EXP 	window1: blendMode = 'avg'
32.0734 	EXP 	window1: blendMode = 'avg'
32.0901 	EXP 	window1: blendMode = 'avg'
32.1068 	EXP 	window1: blendMode = 'avg'
32.1244 	DATA 	Keypress: space
32.1264 	EXP 	New trial (rep=0, index=7): {'color': u'red', 'word': u'green'}
32.1400 	EXP 	text: autoDraw = False
32.1400 	EXP 	text: color = u'red (named)'
32.1400 	EXP 	text: text = u'green'
32.6404 	EXP 	window1: blendMode = 'avg'
32.6555 	EXP 	text: autoDraw = True
32.6570 	EXP 	window1: blendMode = 'avg'
32.6734 	EXP 	window1: blendMode = 'avg'
32.6900 	EXP 	window1: blendMode = 'avg'
32.7067 	EXP 	window1: blendMode = 'avg'
32.7235 	EXP 	window1: blendMode = 'avg'
32.7400 	EXP 	window1: blendMode = 'avg'
32.7567 	EXP 	window1: blendMode = 'avg'
32.7747 	EXP 	window1: blendMode = 'avg'
32.7903 	EXP 	window1: blendMode = 'avg'
32.8069 	EXP 	window1: blendMode = 'avg'
32.8235 	EXP 	window1: blendMode = 'avg'
32.8400 	EXP 	window1: blendMode = 'avg'
32.8568 	EXP 	window1: blendMode = 'avg'
32.8738 	EXP 	window1: blendMode = 'avg'
32.8900 	EXP 	window1: blendMode = 'avg'
32.9069 	EXP 	window1: blendMode = 'avg'
32.9242 	EXP 	window1: blendMode = 'avg'
32.9402 	EXP 	window1: blendMode = 'avg'
32.9570 	EXP 	window1: blendMode = 'avg'
32.9735 	EXP 	window1: blendMode = 'avg'
32.9901 	EXP 	window1: blendMode = 'avg'
33.0067 	EXP 	window1: blendMode = 'avg'
33.0234 	EXP 	window1: blendMode = 'avg'
33.0402 	EXP 	window1: blendMode = 'avg'
33.0568 	EXP 	window1: blendMode = 'avg'
33.0734 	EXP 	window1: blendMode = 'avg'
33.0900 	EXP 	window1: blendMode = 'avg'
33.1070 	EXP 	window1: blendMode = 'avg'
33.1244 	EXP 	window1: blendMode = 'avg'
33.1401 	EXP 	window1: blendMode = 'avg'
33.1570 	EXP 	window1: blendMode = 'avg'
33.1734 	EXP 	window1: blendMode = 'avg'
33.1909 	EXP 	window1: blendMode = 'avg'
33.2070 	EXP 	window1: blendMode = 'avg'
33.2246 	EXP 	window1: blendMode = 'avg'
33.2400 	EXP 	window1: blendMode = 'avg'
33.2569 	EXP 	window1: blendMode = 'avg'
33.2733 	EXP 	window1: blendMode = 'avg'
33.2906 	EXP 	window1: blendMode = 'avg'
33.3068 	EXP 	window1: blendMode = 'avg'
33.3234 	EXP 	window1: blendMode = 'avg'
33.3412 	EXP 	window1: blendMode = 'avg'
33.3572 	EXP 	window1: blendMode = 'avg'
33.3743 	EXP 	window1: blendMode = 'avg'
33.3909 	EXP 	window1: blendMode = 'avg'
33.4076 	EXP 	window1: blendMode = 'avg'
33.4235 	EXP 	window1: blendMode = 'avg'
33.4401 	EXP 	window1: blendMode = 'avg'
33.4569 	EXP 	window1: blendMode = 'avg'
33.4745 	EXP 	window1: blendMode = 'avg'
33.4911 	EXP 	window1: blendMode = 'avg'
33.5074 	EXP 	window1: blendMode = 'avg'
33.5240 	EXP 	window1: blendMode = 'avg'
33.5405 	EXP 	window1: blendMode = 'avg'
33.5727 	EXP 	window1: blendMode = 'avg'
33.6081 	EXP 	window1: blendMode = 'avg'
33.6244 	EXP 	window1: blendMode = 'avg'
33.6404 	EXP 	window1: blendMode = 'avg'
33.6570 	EXP 	window1: blendMode = 'avg'
33.6743 	EXP 	window1: blendMode = 'avg'
33.6898 	EXP 	window1: blendMode = 'avg'
33.7078 	EXP 	window1: blendMode = 'avg'
33.7235 	EXP 	window1: blendMode = 'avg'
33.7401 	EXP 	window1: blendMode = 'avg'
33.7568 	EXP 	window1: blendMode = 'avg'
33.7738 	EXP 	window1: blendMode = 'avg'
33.7905 	EXP 	window1: blendMode = 'avg'
33.8069 	EXP 	window1: blendMode = 'avg'
33.8237 	EXP 	window1: blendMode = 'avg'
33.8412 	EXP 	window1: blendMode = 'avg'
33.8569 	EXP 	window1: blendMode = 'avg'
33.8735 	EXP 	window1: blendMode = 'avg'
33.8907 	EXP 	window1: blendMode = 'avg'
33.9072 	EXP 	window1: blendMode = 'avg'
33.9234 	EXP 	window1: blendMode = 'avg'
33.9401 	EXP 	window1: blendMode = 'avg'
33.9572 	EXP 	window1: blendMode = 'avg'
33.9736 	EXP 	window1: blendMode = 'avg'
33.9907 	EXP 	window1: blendMode = 'avg'
34.0068 	EXP 	window1: blendMode = 'avg'
34.0237 	EXP 	window1: blendMode = 'avg'
34.0409 	EXP 	window1: blendMode = 'avg'
34.0572 	EXP 	window1: blendMode = 'avg'
34.0736 	EXP 	window1: blendMode = 'avg'
34.0903 	EXP 	window1: blendMode = 'avg'
34.1070 	EXP 	window1: blendMode = 'avg'
34.1237 	EXP 	window1: blendMode = 'avg'
34.1403 	EXP 	window1: blendMode = 'avg'
34.1569 	EXP 	window1: blendMode = 'avg'
34.1737 	EXP 	window1: blendMode = 'avg'
34.1906 	EXP 	window1: blendMode = 'avg'
34.2072 	EXP 	window1: blendMode = 'avg'
34.2237 	EXP 	window1: blendMode = 'avg'
34.2405 	EXP 	window1: blendMode = 'avg'
34.2571 	EXP 	window1: blendMode = 'avg'
34.2736 	EXP 	window1: blendMode = 'avg'
34.2901 	EXP 	window1: blendMode = 'avg'
34.3069 	EXP 	window1: blendMode = 'avg'
34.3241 	EXP 	window1: blendMode = 'avg'
34.3407 	EXP 	window1: blendMode = 'avg'
34.3578 	EXP 	window1: blendMode = 'avg'
34.3737 	EXP 	window1: blendMode = 'avg'
34.3903 	EXP 	window1: blendMode = 'avg'
34.4064 	EXP 	window1: blendMode = 'avg'
34.4241 	EXP 	window1: blendMode = 'avg'
34.4407 	EXP 	window1: blendMode = 'avg'
34.4569 	EXP 	window1: blendMode = 'avg'
34.4735 	EXP 	window1: blendMode = 'avg'
34.4900 	EXP 	window1: blendMode = 'avg'
34.5068 	EXP 	window1: blendMode = 'avg'
34.5232 	EXP 	window1: blendMode = 'avg'
34.5402 	EXP 	window1: blendMode = 'avg'
34.5728 	EXP 	window1: blendMode = 'avg'
34.6085 	EXP 	window1: blendMode = 'avg'
34.6394 	EXP 	text: autoDraw = False
35.4903 	DATA 	Keypress: escape
